2024-07-11 11:20:48,704 - ERROR - Error fetching reporter: Message: 
Stacktrace:
#0 0x5daf6ab49c7a <unknown>
#1 0x5daf6a82ce2c <unknown>
#2 0x5daf6a879661 <unknown>
#3 0x5daf6a879751 <unknown>
#4 0x5daf6a8bdf64 <unknown>
#5 0x5daf6a89c5ed <unknown>
#6 0x5daf6a8bb303 <unknown>
#7 0x5daf6a89c363 <unknown>
#8 0x5daf6a86c247 <unknown>
#9 0x5daf6a86cb9e <unknown>
#10 0x5daf6ab1024b <unknown>
#11 0x5daf6ab142f1 <unknown>
#12 0x5daf6aafbafe <unknown>
#13 0x5daf6ab14e52 <unknown>
#14 0x5daf6aae079f <unknown>
#15 0x5daf6ab39638 <unknown>
#16 0x5daf6ab39810 <unknown>
#17 0x5daf6ab48dac <unknown>
#18 0x724ba2094ac3 <unknown>

2024-07-11 11:21:17,619 - ERROR - Error fetching reporter: Message: 
Stacktrace:
#0 0x5daf6ab49c7a <unknown>
#1 0x5daf6a82ce2c <unknown>
#2 0x5daf6a879661 <unknown>
#3 0x5daf6a879751 <unknown>
#4 0x5daf6a8bdf64 <unknown>
#5 0x5daf6a89c5ed <unknown>
#6 0x5daf6a8bb303 <unknown>
#7 0x5daf6a89c363 <unknown>
#8 0x5daf6a86c247 <unknown>
#9 0x5daf6a86cb9e <unknown>
#10 0x5daf6ab1024b <unknown>
#11 0x5daf6ab142f1 <unknown>
#12 0x5daf6aafbafe <unknown>
#13 0x5daf6ab14e52 <unknown>
#14 0x5daf6aae079f <unknown>
#15 0x5daf6ab39638 <unknown>
#16 0x5daf6ab39810 <unknown>
#17 0x5daf6ab48dac <unknown>
#18 0x724ba2094ac3 <unknown>

2024-07-12 10:21:18,311 - ERROR - Exception in callback AppSession._on_scriptrunner_event.<locals>.<lambda>() at /home/byulzzi/Documents/hawaii-project/venv/lib/python3.10/site-packages/streamlit/runtime/app_session.py:488
handle: <Handle AppSession._on_scriptrunner_event.<locals>.<lambda>() at /home/byulzzi/Documents/hawaii-project/venv/lib/python3.10/site-packages/streamlit/runtime/app_session.py:488>
Traceback (most recent call last):
  File "/usr/lib/python3.10/asyncio/events.py", line 80, in _run
    self._context.run(self._callback, *self._args)
  File "/home/byulzzi/Documents/hawaii-project/venv/lib/python3.10/site-packages/streamlit/runtime/app_session.py", line 488, in <lambda>
    lambda: self._handle_scriptrunner_event_on_event_loop(
  File "/home/byulzzi/Documents/hawaii-project/venv/lib/python3.10/site-packages/streamlit/runtime/app_session.py", line 611, in _handle_scriptrunner_event_on_event_loop
    self._local_sources_watcher.update_watched_modules()
  File "/home/byulzzi/Documents/hawaii-project/venv/lib/python3.10/site-packages/streamlit/watcher/local_sources_watcher.py", line 177, in update_watched_modules
    self._register_necessary_watchers(modules_paths)
  File "/home/byulzzi/Documents/hawaii-project/venv/lib/python3.10/site-packages/streamlit/watcher/local_sources_watcher.py", line 183, in _register_necessary_watchers
    self._register_watcher(str(Path(path).resolve()), name)
  File "/home/byulzzi/Documents/hawaii-project/venv/lib/python3.10/site-packages/streamlit/watcher/local_sources_watcher.py", line 136, in _register_watcher
    watcher=PathWatcher(filepath, self.on_file_changed),
  File "/home/byulzzi/Documents/hawaii-project/venv/lib/python3.10/site-packages/streamlit/watcher/event_based_path_watcher.py", line 98, in __init__
    path_watcher.watch_path(
  File "/home/byulzzi/Documents/hawaii-project/venv/lib/python3.10/site-packages/streamlit/watcher/event_based_path_watcher.py", line 176, in watch_path
    folder_handler.watch = self._observer.schedule(
  File "/home/byulzzi/Documents/hawaii-project/venv/lib/python3.10/site-packages/watchdog/observers/api.py", line 323, in schedule
    emitter.start()
  File "/home/byulzzi/Documents/hawaii-project/venv/lib/python3.10/site-packages/watchdog/utils/__init__.py", line 92, in start
    self.on_thread_start()
  File "/home/byulzzi/Documents/hawaii-project/venv/lib/python3.10/site-packages/watchdog/observers/inotify.py", line 125, in on_thread_start
    self._inotify = InotifyBuffer(path, self.watch.is_recursive, event_mask)
  File "/home/byulzzi/Documents/hawaii-project/venv/lib/python3.10/site-packages/watchdog/observers/inotify_buffer.py", line 37, in __init__
    self._inotify = Inotify(path, recursive, event_mask)
  File "/home/byulzzi/Documents/hawaii-project/venv/lib/python3.10/site-packages/watchdog/observers/inotify_c.py", line 174, in __init__
    self._add_dir_watch(path, recursive, event_mask)
  File "/home/byulzzi/Documents/hawaii-project/venv/lib/python3.10/site-packages/watchdog/observers/inotify_c.py", line 380, in _add_dir_watch
    self._add_watch(path, mask)
  File "/home/byulzzi/Documents/hawaii-project/venv/lib/python3.10/site-packages/watchdog/observers/inotify_c.py", line 401, in _add_watch
    Inotify._raise_error()
  File "/home/byulzzi/Documents/hawaii-project/venv/lib/python3.10/site-packages/watchdog/observers/inotify_c.py", line 413, in _raise_error
    raise OSError(errno.ENOSPC, "inotify watch limit reached")
OSError: [Errno 28] inotify watch limit reached
2024-07-12 10:21:22,045 - ERROR - Exception in callback AppSession._on_scriptrunner_event.<locals>.<lambda>() at /home/byulzzi/Documents/hawaii-project/venv/lib/python3.10/site-packages/streamlit/runtime/app_session.py:488
handle: <Handle AppSession._on_scriptrunner_event.<locals>.<lambda>() at /home/byulzzi/Documents/hawaii-project/venv/lib/python3.10/site-packages/streamlit/runtime/app_session.py:488>
Traceback (most recent call last):
  File "/usr/lib/python3.10/asyncio/events.py", line 80, in _run
    self._context.run(self._callback, *self._args)
  File "/home/byulzzi/Documents/hawaii-project/venv/lib/python3.10/site-packages/streamlit/runtime/app_session.py", line 488, in <lambda>
    lambda: self._handle_scriptrunner_event_on_event_loop(
  File "/home/byulzzi/Documents/hawaii-project/venv/lib/python3.10/site-packages/streamlit/runtime/app_session.py", line 611, in _handle_scriptrunner_event_on_event_loop
    self._local_sources_watcher.update_watched_modules()
  File "/home/byulzzi/Documents/hawaii-project/venv/lib/python3.10/site-packages/streamlit/watcher/local_sources_watcher.py", line 177, in update_watched_modules
    self._register_necessary_watchers(modules_paths)
  File "/home/byulzzi/Documents/hawaii-project/venv/lib/python3.10/site-packages/streamlit/watcher/local_sources_watcher.py", line 183, in _register_necessary_watchers
    self._register_watcher(str(Path(path).resolve()), name)
  File "/home/byulzzi/Documents/hawaii-project/venv/lib/python3.10/site-packages/streamlit/watcher/local_sources_watcher.py", line 136, in _register_watcher
    watcher=PathWatcher(filepath, self.on_file_changed),
  File "/home/byulzzi/Documents/hawaii-project/venv/lib/python3.10/site-packages/streamlit/watcher/event_based_path_watcher.py", line 98, in __init__
    path_watcher.watch_path(
  File "/home/byulzzi/Documents/hawaii-project/venv/lib/python3.10/site-packages/streamlit/watcher/event_based_path_watcher.py", line 176, in watch_path
    folder_handler.watch = self._observer.schedule(
  File "/home/byulzzi/Documents/hawaii-project/venv/lib/python3.10/site-packages/watchdog/observers/api.py", line 323, in schedule
    emitter.start()
  File "/home/byulzzi/Documents/hawaii-project/venv/lib/python3.10/site-packages/watchdog/utils/__init__.py", line 92, in start
    self.on_thread_start()
  File "/home/byulzzi/Documents/hawaii-project/venv/lib/python3.10/site-packages/watchdog/observers/inotify.py", line 125, in on_thread_start
    self._inotify = InotifyBuffer(path, self.watch.is_recursive, event_mask)
  File "/home/byulzzi/Documents/hawaii-project/venv/lib/python3.10/site-packages/watchdog/observers/inotify_buffer.py", line 37, in __init__
    self._inotify = Inotify(path, recursive, event_mask)
  File "/home/byulzzi/Documents/hawaii-project/venv/lib/python3.10/site-packages/watchdog/observers/inotify_c.py", line 174, in __init__
    self._add_dir_watch(path, recursive, event_mask)
  File "/home/byulzzi/Documents/hawaii-project/venv/lib/python3.10/site-packages/watchdog/observers/inotify_c.py", line 380, in _add_dir_watch
    self._add_watch(path, mask)
  File "/home/byulzzi/Documents/hawaii-project/venv/lib/python3.10/site-packages/watchdog/observers/inotify_c.py", line 401, in _add_watch
    Inotify._raise_error()
  File "/home/byulzzi/Documents/hawaii-project/venv/lib/python3.10/site-packages/watchdog/observers/inotify_c.py", line 413, in _raise_error
    raise OSError(errno.ENOSPC, "inotify watch limit reached")
OSError: [Errno 28] inotify watch limit reached
2024-07-12 10:24:50,735 - ERROR - Exception in callback AppSession._on_scriptrunner_event.<locals>.<lambda>() at /home/byulzzi/Documents/hawaii-project/venv/lib/python3.10/site-packages/streamlit/runtime/app_session.py:488
handle: <Handle AppSession._on_scriptrunner_event.<locals>.<lambda>() at /home/byulzzi/Documents/hawaii-project/venv/lib/python3.10/site-packages/streamlit/runtime/app_session.py:488>
Traceback (most recent call last):
  File "/usr/lib/python3.10/asyncio/events.py", line 80, in _run
    self._context.run(self._callback, *self._args)
  File "/home/byulzzi/Documents/hawaii-project/venv/lib/python3.10/site-packages/streamlit/runtime/app_session.py", line 488, in <lambda>
    lambda: self._handle_scriptrunner_event_on_event_loop(
  File "/home/byulzzi/Documents/hawaii-project/venv/lib/python3.10/site-packages/streamlit/runtime/app_session.py", line 611, in _handle_scriptrunner_event_on_event_loop
    self._local_sources_watcher.update_watched_modules()
  File "/home/byulzzi/Documents/hawaii-project/venv/lib/python3.10/site-packages/streamlit/watcher/local_sources_watcher.py", line 177, in update_watched_modules
    self._register_necessary_watchers(modules_paths)
  File "/home/byulzzi/Documents/hawaii-project/venv/lib/python3.10/site-packages/streamlit/watcher/local_sources_watcher.py", line 183, in _register_necessary_watchers
    self._register_watcher(str(Path(path).resolve()), name)
  File "/home/byulzzi/Documents/hawaii-project/venv/lib/python3.10/site-packages/streamlit/watcher/local_sources_watcher.py", line 136, in _register_watcher
    watcher=PathWatcher(filepath, self.on_file_changed),
  File "/home/byulzzi/Documents/hawaii-project/venv/lib/python3.10/site-packages/streamlit/watcher/event_based_path_watcher.py", line 98, in __init__
    path_watcher.watch_path(
  File "/home/byulzzi/Documents/hawaii-project/venv/lib/python3.10/site-packages/streamlit/watcher/event_based_path_watcher.py", line 176, in watch_path
    folder_handler.watch = self._observer.schedule(
  File "/home/byulzzi/Documents/hawaii-project/venv/lib/python3.10/site-packages/watchdog/observers/api.py", line 323, in schedule
    emitter.start()
  File "/home/byulzzi/Documents/hawaii-project/venv/lib/python3.10/site-packages/watchdog/utils/__init__.py", line 92, in start
    self.on_thread_start()
  File "/home/byulzzi/Documents/hawaii-project/venv/lib/python3.10/site-packages/watchdog/observers/inotify.py", line 125, in on_thread_start
    self._inotify = InotifyBuffer(path, self.watch.is_recursive, event_mask)
  File "/home/byulzzi/Documents/hawaii-project/venv/lib/python3.10/site-packages/watchdog/observers/inotify_buffer.py", line 37, in __init__
    self._inotify = Inotify(path, recursive, event_mask)
  File "/home/byulzzi/Documents/hawaii-project/venv/lib/python3.10/site-packages/watchdog/observers/inotify_c.py", line 174, in __init__
    self._add_dir_watch(path, recursive, event_mask)
  File "/home/byulzzi/Documents/hawaii-project/venv/lib/python3.10/site-packages/watchdog/observers/inotify_c.py", line 380, in _add_dir_watch
    self._add_watch(path, mask)
  File "/home/byulzzi/Documents/hawaii-project/venv/lib/python3.10/site-packages/watchdog/observers/inotify_c.py", line 401, in _add_watch
    Inotify._raise_error()
  File "/home/byulzzi/Documents/hawaii-project/venv/lib/python3.10/site-packages/watchdog/observers/inotify_c.py", line 413, in _raise_error
    raise OSError(errno.ENOSPC, "inotify watch limit reached")
OSError: [Errno 28] inotify watch limit reached
2024-07-12 10:24:54,645 - ERROR - Exception in callback AppSession._on_scriptrunner_event.<locals>.<lambda>() at /home/byulzzi/Documents/hawaii-project/venv/lib/python3.10/site-packages/streamlit/runtime/app_session.py:488
handle: <Handle AppSession._on_scriptrunner_event.<locals>.<lambda>() at /home/byulzzi/Documents/hawaii-project/venv/lib/python3.10/site-packages/streamlit/runtime/app_session.py:488>
Traceback (most recent call last):
  File "/usr/lib/python3.10/asyncio/events.py", line 80, in _run
    self._context.run(self._callback, *self._args)
  File "/home/byulzzi/Documents/hawaii-project/venv/lib/python3.10/site-packages/streamlit/runtime/app_session.py", line 488, in <lambda>
    lambda: self._handle_scriptrunner_event_on_event_loop(
  File "/home/byulzzi/Documents/hawaii-project/venv/lib/python3.10/site-packages/streamlit/runtime/app_session.py", line 611, in _handle_scriptrunner_event_on_event_loop
    self._local_sources_watcher.update_watched_modules()
  File "/home/byulzzi/Documents/hawaii-project/venv/lib/python3.10/site-packages/streamlit/watcher/local_sources_watcher.py", line 177, in update_watched_modules
    self._register_necessary_watchers(modules_paths)
  File "/home/byulzzi/Documents/hawaii-project/venv/lib/python3.10/site-packages/streamlit/watcher/local_sources_watcher.py", line 183, in _register_necessary_watchers
    self._register_watcher(str(Path(path).resolve()), name)
  File "/home/byulzzi/Documents/hawaii-project/venv/lib/python3.10/site-packages/streamlit/watcher/local_sources_watcher.py", line 136, in _register_watcher
    watcher=PathWatcher(filepath, self.on_file_changed),
  File "/home/byulzzi/Documents/hawaii-project/venv/lib/python3.10/site-packages/streamlit/watcher/event_based_path_watcher.py", line 98, in __init__
    path_watcher.watch_path(
  File "/home/byulzzi/Documents/hawaii-project/venv/lib/python3.10/site-packages/streamlit/watcher/event_based_path_watcher.py", line 176, in watch_path
    folder_handler.watch = self._observer.schedule(
  File "/home/byulzzi/Documents/hawaii-project/venv/lib/python3.10/site-packages/watchdog/observers/api.py", line 323, in schedule
    emitter.start()
  File "/home/byulzzi/Documents/hawaii-project/venv/lib/python3.10/site-packages/watchdog/utils/__init__.py", line 92, in start
    self.on_thread_start()
  File "/home/byulzzi/Documents/hawaii-project/venv/lib/python3.10/site-packages/watchdog/observers/inotify.py", line 125, in on_thread_start
    self._inotify = InotifyBuffer(path, self.watch.is_recursive, event_mask)
  File "/home/byulzzi/Documents/hawaii-project/venv/lib/python3.10/site-packages/watchdog/observers/inotify_buffer.py", line 37, in __init__
    self._inotify = Inotify(path, recursive, event_mask)
  File "/home/byulzzi/Documents/hawaii-project/venv/lib/python3.10/site-packages/watchdog/observers/inotify_c.py", line 174, in __init__
    self._add_dir_watch(path, recursive, event_mask)
  File "/home/byulzzi/Documents/hawaii-project/venv/lib/python3.10/site-packages/watchdog/observers/inotify_c.py", line 380, in _add_dir_watch
    self._add_watch(path, mask)
  File "/home/byulzzi/Documents/hawaii-project/venv/lib/python3.10/site-packages/watchdog/observers/inotify_c.py", line 401, in _add_watch
    Inotify._raise_error()
  File "/home/byulzzi/Documents/hawaii-project/venv/lib/python3.10/site-packages/watchdog/observers/inotify_c.py", line 413, in _raise_error
    raise OSError(errno.ENOSPC, "inotify watch limit reached")
OSError: [Errno 28] inotify watch limit reached
2024-07-12 11:45:25,285 - ERROR - Exception in callback AppSession._on_scriptrunner_event.<locals>.<lambda>() at /home/byulzzi/Documents/hawaii-project/venv/lib/python3.10/site-packages/streamlit/runtime/app_session.py:488
handle: <Handle AppSession._on_scriptrunner_event.<locals>.<lambda>() at /home/byulzzi/Documents/hawaii-project/venv/lib/python3.10/site-packages/streamlit/runtime/app_session.py:488>
Traceback (most recent call last):
  File "/usr/lib/python3.10/asyncio/events.py", line 80, in _run
    self._context.run(self._callback, *self._args)
  File "/home/byulzzi/Documents/hawaii-project/venv/lib/python3.10/site-packages/streamlit/runtime/app_session.py", line 488, in <lambda>
    lambda: self._handle_scriptrunner_event_on_event_loop(
  File "/home/byulzzi/Documents/hawaii-project/venv/lib/python3.10/site-packages/streamlit/runtime/app_session.py", line 611, in _handle_scriptrunner_event_on_event_loop
    self._local_sources_watcher.update_watched_modules()
  File "/home/byulzzi/Documents/hawaii-project/venv/lib/python3.10/site-packages/streamlit/watcher/local_sources_watcher.py", line 177, in update_watched_modules
    self._register_necessary_watchers(modules_paths)
  File "/home/byulzzi/Documents/hawaii-project/venv/lib/python3.10/site-packages/streamlit/watcher/local_sources_watcher.py", line 183, in _register_necessary_watchers
    self._register_watcher(str(Path(path).resolve()), name)
  File "/home/byulzzi/Documents/hawaii-project/venv/lib/python3.10/site-packages/streamlit/watcher/local_sources_watcher.py", line 136, in _register_watcher
    watcher=PathWatcher(filepath, self.on_file_changed),
  File "/home/byulzzi/Documents/hawaii-project/venv/lib/python3.10/site-packages/streamlit/watcher/event_based_path_watcher.py", line 98, in __init__
    path_watcher.watch_path(
  File "/home/byulzzi/Documents/hawaii-project/venv/lib/python3.10/site-packages/streamlit/watcher/event_based_path_watcher.py", line 176, in watch_path
    folder_handler.watch = self._observer.schedule(
  File "/home/byulzzi/Documents/hawaii-project/venv/lib/python3.10/site-packages/watchdog/observers/api.py", line 323, in schedule
    emitter.start()
  File "/home/byulzzi/Documents/hawaii-project/venv/lib/python3.10/site-packages/watchdog/utils/__init__.py", line 92, in start
    self.on_thread_start()
  File "/home/byulzzi/Documents/hawaii-project/venv/lib/python3.10/site-packages/watchdog/observers/inotify.py", line 125, in on_thread_start
    self._inotify = InotifyBuffer(path, self.watch.is_recursive, event_mask)
  File "/home/byulzzi/Documents/hawaii-project/venv/lib/python3.10/site-packages/watchdog/observers/inotify_buffer.py", line 37, in __init__
    self._inotify = Inotify(path, recursive, event_mask)
  File "/home/byulzzi/Documents/hawaii-project/venv/lib/python3.10/site-packages/watchdog/observers/inotify_c.py", line 174, in __init__
    self._add_dir_watch(path, recursive, event_mask)
  File "/home/byulzzi/Documents/hawaii-project/venv/lib/python3.10/site-packages/watchdog/observers/inotify_c.py", line 380, in _add_dir_watch
    self._add_watch(path, mask)
  File "/home/byulzzi/Documents/hawaii-project/venv/lib/python3.10/site-packages/watchdog/observers/inotify_c.py", line 401, in _add_watch
    Inotify._raise_error()
  File "/home/byulzzi/Documents/hawaii-project/venv/lib/python3.10/site-packages/watchdog/observers/inotify_c.py", line 413, in _raise_error
    raise OSError(errno.ENOSPC, "inotify watch limit reached")
OSError: [Errno 28] inotify watch limit reached
2024-07-12 11:45:26,079 - ERROR - Exception in callback AppSession._on_scriptrunner_event.<locals>.<lambda>() at /home/byulzzi/Documents/hawaii-project/venv/lib/python3.10/site-packages/streamlit/runtime/app_session.py:488
handle: <Handle AppSession._on_scriptrunner_event.<locals>.<lambda>() at /home/byulzzi/Documents/hawaii-project/venv/lib/python3.10/site-packages/streamlit/runtime/app_session.py:488>
Traceback (most recent call last):
  File "/usr/lib/python3.10/asyncio/events.py", line 80, in _run
    self._context.run(self._callback, *self._args)
  File "/home/byulzzi/Documents/hawaii-project/venv/lib/python3.10/site-packages/streamlit/runtime/app_session.py", line 488, in <lambda>
    lambda: self._handle_scriptrunner_event_on_event_loop(
  File "/home/byulzzi/Documents/hawaii-project/venv/lib/python3.10/site-packages/streamlit/runtime/app_session.py", line 611, in _handle_scriptrunner_event_on_event_loop
    self._local_sources_watcher.update_watched_modules()
  File "/home/byulzzi/Documents/hawaii-project/venv/lib/python3.10/site-packages/streamlit/watcher/local_sources_watcher.py", line 177, in update_watched_modules
    self._register_necessary_watchers(modules_paths)
  File "/home/byulzzi/Documents/hawaii-project/venv/lib/python3.10/site-packages/streamlit/watcher/local_sources_watcher.py", line 183, in _register_necessary_watchers
    self._register_watcher(str(Path(path).resolve()), name)
  File "/home/byulzzi/Documents/hawaii-project/venv/lib/python3.10/site-packages/streamlit/watcher/local_sources_watcher.py", line 136, in _register_watcher
    watcher=PathWatcher(filepath, self.on_file_changed),
  File "/home/byulzzi/Documents/hawaii-project/venv/lib/python3.10/site-packages/streamlit/watcher/event_based_path_watcher.py", line 98, in __init__
    path_watcher.watch_path(
  File "/home/byulzzi/Documents/hawaii-project/venv/lib/python3.10/site-packages/streamlit/watcher/event_based_path_watcher.py", line 176, in watch_path
    folder_handler.watch = self._observer.schedule(
  File "/home/byulzzi/Documents/hawaii-project/venv/lib/python3.10/site-packages/watchdog/observers/api.py", line 323, in schedule
    emitter.start()
  File "/home/byulzzi/Documents/hawaii-project/venv/lib/python3.10/site-packages/watchdog/utils/__init__.py", line 92, in start
    self.on_thread_start()
  File "/home/byulzzi/Documents/hawaii-project/venv/lib/python3.10/site-packages/watchdog/observers/inotify.py", line 125, in on_thread_start
    self._inotify = InotifyBuffer(path, self.watch.is_recursive, event_mask)
  File "/home/byulzzi/Documents/hawaii-project/venv/lib/python3.10/site-packages/watchdog/observers/inotify_buffer.py", line 37, in __init__
    self._inotify = Inotify(path, recursive, event_mask)
  File "/home/byulzzi/Documents/hawaii-project/venv/lib/python3.10/site-packages/watchdog/observers/inotify_c.py", line 174, in __init__
    self._add_dir_watch(path, recursive, event_mask)
  File "/home/byulzzi/Documents/hawaii-project/venv/lib/python3.10/site-packages/watchdog/observers/inotify_c.py", line 380, in _add_dir_watch
    self._add_watch(path, mask)
  File "/home/byulzzi/Documents/hawaii-project/venv/lib/python3.10/site-packages/watchdog/observers/inotify_c.py", line 401, in _add_watch
    Inotify._raise_error()
  File "/home/byulzzi/Documents/hawaii-project/venv/lib/python3.10/site-packages/watchdog/observers/inotify_c.py", line 413, in _raise_error
    raise OSError(errno.ENOSPC, "inotify watch limit reached")
OSError: [Errno 28] inotify watch limit reached
2024-07-12 11:47:47,880 - ERROR - Exception in callback AppSession._on_scriptrunner_event.<locals>.<lambda>() at /home/byulzzi/Documents/hawaii-project/venv/lib/python3.10/site-packages/streamlit/runtime/app_session.py:488
handle: <Handle AppSession._on_scriptrunner_event.<locals>.<lambda>() at /home/byulzzi/Documents/hawaii-project/venv/lib/python3.10/site-packages/streamlit/runtime/app_session.py:488>
Traceback (most recent call last):
  File "/usr/lib/python3.10/asyncio/events.py", line 80, in _run
    self._context.run(self._callback, *self._args)
  File "/home/byulzzi/Documents/hawaii-project/venv/lib/python3.10/site-packages/streamlit/runtime/app_session.py", line 488, in <lambda>
    lambda: self._handle_scriptrunner_event_on_event_loop(
  File "/home/byulzzi/Documents/hawaii-project/venv/lib/python3.10/site-packages/streamlit/runtime/app_session.py", line 611, in _handle_scriptrunner_event_on_event_loop
    self._local_sources_watcher.update_watched_modules()
  File "/home/byulzzi/Documents/hawaii-project/venv/lib/python3.10/site-packages/streamlit/watcher/local_sources_watcher.py", line 177, in update_watched_modules
    self._register_necessary_watchers(modules_paths)
  File "/home/byulzzi/Documents/hawaii-project/venv/lib/python3.10/site-packages/streamlit/watcher/local_sources_watcher.py", line 183, in _register_necessary_watchers
    self._register_watcher(str(Path(path).resolve()), name)
  File "/home/byulzzi/Documents/hawaii-project/venv/lib/python3.10/site-packages/streamlit/watcher/local_sources_watcher.py", line 136, in _register_watcher
    watcher=PathWatcher(filepath, self.on_file_changed),
  File "/home/byulzzi/Documents/hawaii-project/venv/lib/python3.10/site-packages/streamlit/watcher/event_based_path_watcher.py", line 98, in __init__
    path_watcher.watch_path(
  File "/home/byulzzi/Documents/hawaii-project/venv/lib/python3.10/site-packages/streamlit/watcher/event_based_path_watcher.py", line 176, in watch_path
    folder_handler.watch = self._observer.schedule(
  File "/home/byulzzi/Documents/hawaii-project/venv/lib/python3.10/site-packages/watchdog/observers/api.py", line 323, in schedule
    emitter.start()
  File "/home/byulzzi/Documents/hawaii-project/venv/lib/python3.10/site-packages/watchdog/utils/__init__.py", line 92, in start
    self.on_thread_start()
  File "/home/byulzzi/Documents/hawaii-project/venv/lib/python3.10/site-packages/watchdog/observers/inotify.py", line 125, in on_thread_start
    self._inotify = InotifyBuffer(path, self.watch.is_recursive, event_mask)
  File "/home/byulzzi/Documents/hawaii-project/venv/lib/python3.10/site-packages/watchdog/observers/inotify_buffer.py", line 37, in __init__
    self._inotify = Inotify(path, recursive, event_mask)
  File "/home/byulzzi/Documents/hawaii-project/venv/lib/python3.10/site-packages/watchdog/observers/inotify_c.py", line 174, in __init__
    self._add_dir_watch(path, recursive, event_mask)
  File "/home/byulzzi/Documents/hawaii-project/venv/lib/python3.10/site-packages/watchdog/observers/inotify_c.py", line 380, in _add_dir_watch
    self._add_watch(path, mask)
  File "/home/byulzzi/Documents/hawaii-project/venv/lib/python3.10/site-packages/watchdog/observers/inotify_c.py", line 401, in _add_watch
    Inotify._raise_error()
  File "/home/byulzzi/Documents/hawaii-project/venv/lib/python3.10/site-packages/watchdog/observers/inotify_c.py", line 413, in _raise_error
    raise OSError(errno.ENOSPC, "inotify watch limit reached")
OSError: [Errno 28] inotify watch limit reached
2024-07-12 11:48:33,888 - ERROR - Exception in callback AppSession._on_scriptrunner_event.<locals>.<lambda>() at /home/byulzzi/Documents/hawaii-project/venv/lib/python3.10/site-packages/streamlit/runtime/app_session.py:488
handle: <Handle AppSession._on_scriptrunner_event.<locals>.<lambda>() at /home/byulzzi/Documents/hawaii-project/venv/lib/python3.10/site-packages/streamlit/runtime/app_session.py:488>
Traceback (most recent call last):
  File "/usr/lib/python3.10/asyncio/events.py", line 80, in _run
    self._context.run(self._callback, *self._args)
  File "/home/byulzzi/Documents/hawaii-project/venv/lib/python3.10/site-packages/streamlit/runtime/app_session.py", line 488, in <lambda>
    lambda: self._handle_scriptrunner_event_on_event_loop(
  File "/home/byulzzi/Documents/hawaii-project/venv/lib/python3.10/site-packages/streamlit/runtime/app_session.py", line 611, in _handle_scriptrunner_event_on_event_loop
    self._local_sources_watcher.update_watched_modules()
  File "/home/byulzzi/Documents/hawaii-project/venv/lib/python3.10/site-packages/streamlit/watcher/local_sources_watcher.py", line 177, in update_watched_modules
    self._register_necessary_watchers(modules_paths)
  File "/home/byulzzi/Documents/hawaii-project/venv/lib/python3.10/site-packages/streamlit/watcher/local_sources_watcher.py", line 183, in _register_necessary_watchers
    self._register_watcher(str(Path(path).resolve()), name)
  File "/home/byulzzi/Documents/hawaii-project/venv/lib/python3.10/site-packages/streamlit/watcher/local_sources_watcher.py", line 136, in _register_watcher
    watcher=PathWatcher(filepath, self.on_file_changed),
  File "/home/byulzzi/Documents/hawaii-project/venv/lib/python3.10/site-packages/streamlit/watcher/event_based_path_watcher.py", line 98, in __init__
    path_watcher.watch_path(
  File "/home/byulzzi/Documents/hawaii-project/venv/lib/python3.10/site-packages/streamlit/watcher/event_based_path_watcher.py", line 176, in watch_path
    folder_handler.watch = self._observer.schedule(
  File "/home/byulzzi/Documents/hawaii-project/venv/lib/python3.10/site-packages/watchdog/observers/api.py", line 323, in schedule
    emitter.start()
  File "/home/byulzzi/Documents/hawaii-project/venv/lib/python3.10/site-packages/watchdog/utils/__init__.py", line 92, in start
    self.on_thread_start()
  File "/home/byulzzi/Documents/hawaii-project/venv/lib/python3.10/site-packages/watchdog/observers/inotify.py", line 125, in on_thread_start
    self._inotify = InotifyBuffer(path, self.watch.is_recursive, event_mask)
  File "/home/byulzzi/Documents/hawaii-project/venv/lib/python3.10/site-packages/watchdog/observers/inotify_buffer.py", line 37, in __init__
    self._inotify = Inotify(path, recursive, event_mask)
  File "/home/byulzzi/Documents/hawaii-project/venv/lib/python3.10/site-packages/watchdog/observers/inotify_c.py", line 174, in __init__
    self._add_dir_watch(path, recursive, event_mask)
  File "/home/byulzzi/Documents/hawaii-project/venv/lib/python3.10/site-packages/watchdog/observers/inotify_c.py", line 380, in _add_dir_watch
    self._add_watch(path, mask)
  File "/home/byulzzi/Documents/hawaii-project/venv/lib/python3.10/site-packages/watchdog/observers/inotify_c.py", line 401, in _add_watch
    Inotify._raise_error()
  File "/home/byulzzi/Documents/hawaii-project/venv/lib/python3.10/site-packages/watchdog/observers/inotify_c.py", line 413, in _raise_error
    raise OSError(errno.ENOSPC, "inotify watch limit reached")
OSError: [Errno 28] inotify watch limit reached
2024-07-12 14:01:39,944 - ERROR - Exception in callback AppSession._on_scriptrunner_event.<locals>.<lambda>() at /home/byulzzi/Documents/hawaii-project/venv/lib/python3.10/site-packages/streamlit/runtime/app_session.py:488
handle: <Handle AppSession._on_scriptrunner_event.<locals>.<lambda>() at /home/byulzzi/Documents/hawaii-project/venv/lib/python3.10/site-packages/streamlit/runtime/app_session.py:488>
Traceback (most recent call last):
  File "/usr/lib/python3.10/asyncio/events.py", line 80, in _run
    self._context.run(self._callback, *self._args)
  File "/home/byulzzi/Documents/hawaii-project/venv/lib/python3.10/site-packages/streamlit/runtime/app_session.py", line 488, in <lambda>
    lambda: self._handle_scriptrunner_event_on_event_loop(
  File "/home/byulzzi/Documents/hawaii-project/venv/lib/python3.10/site-packages/streamlit/runtime/app_session.py", line 611, in _handle_scriptrunner_event_on_event_loop
    self._local_sources_watcher.update_watched_modules()
  File "/home/byulzzi/Documents/hawaii-project/venv/lib/python3.10/site-packages/streamlit/watcher/local_sources_watcher.py", line 177, in update_watched_modules
    self._register_necessary_watchers(modules_paths)
  File "/home/byulzzi/Documents/hawaii-project/venv/lib/python3.10/site-packages/streamlit/watcher/local_sources_watcher.py", line 183, in _register_necessary_watchers
    self._register_watcher(str(Path(path).resolve()), name)
  File "/home/byulzzi/Documents/hawaii-project/venv/lib/python3.10/site-packages/streamlit/watcher/local_sources_watcher.py", line 136, in _register_watcher
    watcher=PathWatcher(filepath, self.on_file_changed),
  File "/home/byulzzi/Documents/hawaii-project/venv/lib/python3.10/site-packages/streamlit/watcher/event_based_path_watcher.py", line 98, in __init__
    path_watcher.watch_path(
  File "/home/byulzzi/Documents/hawaii-project/venv/lib/python3.10/site-packages/streamlit/watcher/event_based_path_watcher.py", line 176, in watch_path
    folder_handler.watch = self._observer.schedule(
  File "/home/byulzzi/Documents/hawaii-project/venv/lib/python3.10/site-packages/watchdog/observers/api.py", line 323, in schedule
    emitter.start()
  File "/home/byulzzi/Documents/hawaii-project/venv/lib/python3.10/site-packages/watchdog/utils/__init__.py", line 92, in start
    self.on_thread_start()
  File "/home/byulzzi/Documents/hawaii-project/venv/lib/python3.10/site-packages/watchdog/observers/inotify.py", line 125, in on_thread_start
    self._inotify = InotifyBuffer(path, self.watch.is_recursive, event_mask)
  File "/home/byulzzi/Documents/hawaii-project/venv/lib/python3.10/site-packages/watchdog/observers/inotify_buffer.py", line 37, in __init__
    self._inotify = Inotify(path, recursive, event_mask)
  File "/home/byulzzi/Documents/hawaii-project/venv/lib/python3.10/site-packages/watchdog/observers/inotify_c.py", line 174, in __init__
    self._add_dir_watch(path, recursive, event_mask)
  File "/home/byulzzi/Documents/hawaii-project/venv/lib/python3.10/site-packages/watchdog/observers/inotify_c.py", line 380, in _add_dir_watch
    self._add_watch(path, mask)
  File "/home/byulzzi/Documents/hawaii-project/venv/lib/python3.10/site-packages/watchdog/observers/inotify_c.py", line 401, in _add_watch
    Inotify._raise_error()
  File "/home/byulzzi/Documents/hawaii-project/venv/lib/python3.10/site-packages/watchdog/observers/inotify_c.py", line 413, in _raise_error
    raise OSError(errno.ENOSPC, "inotify watch limit reached")
OSError: [Errno 28] inotify watch limit reached
2024-07-12 14:03:17,143 - ERROR - Exception in callback AppSession._on_scriptrunner_event.<locals>.<lambda>() at /home/byulzzi/Documents/hawaii-project/venv/lib/python3.10/site-packages/streamlit/runtime/app_session.py:488
handle: <Handle AppSession._on_scriptrunner_event.<locals>.<lambda>() at /home/byulzzi/Documents/hawaii-project/venv/lib/python3.10/site-packages/streamlit/runtime/app_session.py:488>
Traceback (most recent call last):
  File "/usr/lib/python3.10/asyncio/events.py", line 80, in _run
    self._context.run(self._callback, *self._args)
  File "/home/byulzzi/Documents/hawaii-project/venv/lib/python3.10/site-packages/streamlit/runtime/app_session.py", line 488, in <lambda>
    lambda: self._handle_scriptrunner_event_on_event_loop(
  File "/home/byulzzi/Documents/hawaii-project/venv/lib/python3.10/site-packages/streamlit/runtime/app_session.py", line 611, in _handle_scriptrunner_event_on_event_loop
    self._local_sources_watcher.update_watched_modules()
  File "/home/byulzzi/Documents/hawaii-project/venv/lib/python3.10/site-packages/streamlit/watcher/local_sources_watcher.py", line 177, in update_watched_modules
    self._register_necessary_watchers(modules_paths)
  File "/home/byulzzi/Documents/hawaii-project/venv/lib/python3.10/site-packages/streamlit/watcher/local_sources_watcher.py", line 183, in _register_necessary_watchers
    self._register_watcher(str(Path(path).resolve()), name)
  File "/home/byulzzi/Documents/hawaii-project/venv/lib/python3.10/site-packages/streamlit/watcher/local_sources_watcher.py", line 136, in _register_watcher
    watcher=PathWatcher(filepath, self.on_file_changed),
  File "/home/byulzzi/Documents/hawaii-project/venv/lib/python3.10/site-packages/streamlit/watcher/event_based_path_watcher.py", line 98, in __init__
    path_watcher.watch_path(
  File "/home/byulzzi/Documents/hawaii-project/venv/lib/python3.10/site-packages/streamlit/watcher/event_based_path_watcher.py", line 176, in watch_path
    folder_handler.watch = self._observer.schedule(
  File "/home/byulzzi/Documents/hawaii-project/venv/lib/python3.10/site-packages/watchdog/observers/api.py", line 323, in schedule
    emitter.start()
  File "/home/byulzzi/Documents/hawaii-project/venv/lib/python3.10/site-packages/watchdog/utils/__init__.py", line 92, in start
    self.on_thread_start()
  File "/home/byulzzi/Documents/hawaii-project/venv/lib/python3.10/site-packages/watchdog/observers/inotify.py", line 125, in on_thread_start
    self._inotify = InotifyBuffer(path, self.watch.is_recursive, event_mask)
  File "/home/byulzzi/Documents/hawaii-project/venv/lib/python3.10/site-packages/watchdog/observers/inotify_buffer.py", line 37, in __init__
    self._inotify = Inotify(path, recursive, event_mask)
  File "/home/byulzzi/Documents/hawaii-project/venv/lib/python3.10/site-packages/watchdog/observers/inotify_c.py", line 174, in __init__
    self._add_dir_watch(path, recursive, event_mask)
  File "/home/byulzzi/Documents/hawaii-project/venv/lib/python3.10/site-packages/watchdog/observers/inotify_c.py", line 387, in _add_dir_watch
    self._add_watch(full_path, mask)
  File "/home/byulzzi/Documents/hawaii-project/venv/lib/python3.10/site-packages/watchdog/observers/inotify_c.py", line 401, in _add_watch
    Inotify._raise_error()
  File "/home/byulzzi/Documents/hawaii-project/venv/lib/python3.10/site-packages/watchdog/observers/inotify_c.py", line 413, in _raise_error
    raise OSError(errno.ENOSPC, "inotify watch limit reached")
OSError: [Errno 28] inotify watch limit reached
2024-07-12 14:12:38,992 - ERROR - Exception in callback AppSession._on_scriptrunner_event.<locals>.<lambda>() at /home/byulzzi/Documents/hawaii-project/venv/lib/python3.10/site-packages/streamlit/runtime/app_session.py:488
handle: <Handle AppSession._on_scriptrunner_event.<locals>.<lambda>() at /home/byulzzi/Documents/hawaii-project/venv/lib/python3.10/site-packages/streamlit/runtime/app_session.py:488>
Traceback (most recent call last):
  File "/usr/lib/python3.10/asyncio/events.py", line 80, in _run
    self._context.run(self._callback, *self._args)
  File "/home/byulzzi/Documents/hawaii-project/venv/lib/python3.10/site-packages/streamlit/runtime/app_session.py", line 488, in <lambda>
    lambda: self._handle_scriptrunner_event_on_event_loop(
  File "/home/byulzzi/Documents/hawaii-project/venv/lib/python3.10/site-packages/streamlit/runtime/app_session.py", line 611, in _handle_scriptrunner_event_on_event_loop
    self._local_sources_watcher.update_watched_modules()
  File "/home/byulzzi/Documents/hawaii-project/venv/lib/python3.10/site-packages/streamlit/watcher/local_sources_watcher.py", line 177, in update_watched_modules
    self._register_necessary_watchers(modules_paths)
  File "/home/byulzzi/Documents/hawaii-project/venv/lib/python3.10/site-packages/streamlit/watcher/local_sources_watcher.py", line 183, in _register_necessary_watchers
    self._register_watcher(str(Path(path).resolve()), name)
  File "/home/byulzzi/Documents/hawaii-project/venv/lib/python3.10/site-packages/streamlit/watcher/local_sources_watcher.py", line 136, in _register_watcher
    watcher=PathWatcher(filepath, self.on_file_changed),
  File "/home/byulzzi/Documents/hawaii-project/venv/lib/python3.10/site-packages/streamlit/watcher/event_based_path_watcher.py", line 98, in __init__
    path_watcher.watch_path(
  File "/home/byulzzi/Documents/hawaii-project/venv/lib/python3.10/site-packages/streamlit/watcher/event_based_path_watcher.py", line 176, in watch_path
    folder_handler.watch = self._observer.schedule(
  File "/home/byulzzi/Documents/hawaii-project/venv/lib/python3.10/site-packages/watchdog/observers/api.py", line 323, in schedule
    emitter.start()
  File "/home/byulzzi/Documents/hawaii-project/venv/lib/python3.10/site-packages/watchdog/utils/__init__.py", line 92, in start
    self.on_thread_start()
  File "/home/byulzzi/Documents/hawaii-project/venv/lib/python3.10/site-packages/watchdog/observers/inotify.py", line 125, in on_thread_start
    self._inotify = InotifyBuffer(path, self.watch.is_recursive, event_mask)
  File "/home/byulzzi/Documents/hawaii-project/venv/lib/python3.10/site-packages/watchdog/observers/inotify_buffer.py", line 37, in __init__
    self._inotify = Inotify(path, recursive, event_mask)
  File "/home/byulzzi/Documents/hawaii-project/venv/lib/python3.10/site-packages/watchdog/observers/inotify_c.py", line 174, in __init__
    self._add_dir_watch(path, recursive, event_mask)
  File "/home/byulzzi/Documents/hawaii-project/venv/lib/python3.10/site-packages/watchdog/observers/inotify_c.py", line 380, in _add_dir_watch
    self._add_watch(path, mask)
  File "/home/byulzzi/Documents/hawaii-project/venv/lib/python3.10/site-packages/watchdog/observers/inotify_c.py", line 401, in _add_watch
    Inotify._raise_error()
  File "/home/byulzzi/Documents/hawaii-project/venv/lib/python3.10/site-packages/watchdog/observers/inotify_c.py", line 413, in _raise_error
    raise OSError(errno.ENOSPC, "inotify watch limit reached")
OSError: [Errno 28] inotify watch limit reached
2024-07-12 14:12:42,272 - ERROR - Exception in callback AppSession._on_scriptrunner_event.<locals>.<lambda>() at /home/byulzzi/Documents/hawaii-project/venv/lib/python3.10/site-packages/streamlit/runtime/app_session.py:488
handle: <Handle AppSession._on_scriptrunner_event.<locals>.<lambda>() at /home/byulzzi/Documents/hawaii-project/venv/lib/python3.10/site-packages/streamlit/runtime/app_session.py:488>
Traceback (most recent call last):
  File "/usr/lib/python3.10/asyncio/events.py", line 80, in _run
    self._context.run(self._callback, *self._args)
  File "/home/byulzzi/Documents/hawaii-project/venv/lib/python3.10/site-packages/streamlit/runtime/app_session.py", line 488, in <lambda>
    lambda: self._handle_scriptrunner_event_on_event_loop(
  File "/home/byulzzi/Documents/hawaii-project/venv/lib/python3.10/site-packages/streamlit/runtime/app_session.py", line 611, in _handle_scriptrunner_event_on_event_loop
    self._local_sources_watcher.update_watched_modules()
  File "/home/byulzzi/Documents/hawaii-project/venv/lib/python3.10/site-packages/streamlit/watcher/local_sources_watcher.py", line 177, in update_watched_modules
    self._register_necessary_watchers(modules_paths)
  File "/home/byulzzi/Documents/hawaii-project/venv/lib/python3.10/site-packages/streamlit/watcher/local_sources_watcher.py", line 183, in _register_necessary_watchers
    self._register_watcher(str(Path(path).resolve()), name)
  File "/home/byulzzi/Documents/hawaii-project/venv/lib/python3.10/site-packages/streamlit/watcher/local_sources_watcher.py", line 136, in _register_watcher
    watcher=PathWatcher(filepath, self.on_file_changed),
  File "/home/byulzzi/Documents/hawaii-project/venv/lib/python3.10/site-packages/streamlit/watcher/event_based_path_watcher.py", line 98, in __init__
    path_watcher.watch_path(
  File "/home/byulzzi/Documents/hawaii-project/venv/lib/python3.10/site-packages/streamlit/watcher/event_based_path_watcher.py", line 176, in watch_path
    folder_handler.watch = self._observer.schedule(
  File "/home/byulzzi/Documents/hawaii-project/venv/lib/python3.10/site-packages/watchdog/observers/api.py", line 323, in schedule
    emitter.start()
  File "/home/byulzzi/Documents/hawaii-project/venv/lib/python3.10/site-packages/watchdog/utils/__init__.py", line 92, in start
    self.on_thread_start()
  File "/home/byulzzi/Documents/hawaii-project/venv/lib/python3.10/site-packages/watchdog/observers/inotify.py", line 125, in on_thread_start
    self._inotify = InotifyBuffer(path, self.watch.is_recursive, event_mask)
  File "/home/byulzzi/Documents/hawaii-project/venv/lib/python3.10/site-packages/watchdog/observers/inotify_buffer.py", line 37, in __init__
    self._inotify = Inotify(path, recursive, event_mask)
  File "/home/byulzzi/Documents/hawaii-project/venv/lib/python3.10/site-packages/watchdog/observers/inotify_c.py", line 174, in __init__
    self._add_dir_watch(path, recursive, event_mask)
  File "/home/byulzzi/Documents/hawaii-project/venv/lib/python3.10/site-packages/watchdog/observers/inotify_c.py", line 380, in _add_dir_watch
    self._add_watch(path, mask)
  File "/home/byulzzi/Documents/hawaii-project/venv/lib/python3.10/site-packages/watchdog/observers/inotify_c.py", line 401, in _add_watch
    Inotify._raise_error()
  File "/home/byulzzi/Documents/hawaii-project/venv/lib/python3.10/site-packages/watchdog/observers/inotify_c.py", line 413, in _raise_error
    raise OSError(errno.ENOSPC, "inotify watch limit reached")
OSError: [Errno 28] inotify watch limit reached
2024-07-12 14:22:16,541 - ERROR - Exception in callback AppSession._on_scriptrunner_event.<locals>.<lambda>() at /home/byulzzi/Documents/hawaii-project/venv/lib/python3.10/site-packages/streamlit/runtime/app_session.py:488
handle: <Handle AppSession._on_scriptrunner_event.<locals>.<lambda>() at /home/byulzzi/Documents/hawaii-project/venv/lib/python3.10/site-packages/streamlit/runtime/app_session.py:488>
Traceback (most recent call last):
  File "/usr/lib/python3.10/asyncio/events.py", line 80, in _run
    self._context.run(self._callback, *self._args)
  File "/home/byulzzi/Documents/hawaii-project/venv/lib/python3.10/site-packages/streamlit/runtime/app_session.py", line 488, in <lambda>
    lambda: self._handle_scriptrunner_event_on_event_loop(
  File "/home/byulzzi/Documents/hawaii-project/venv/lib/python3.10/site-packages/streamlit/runtime/app_session.py", line 611, in _handle_scriptrunner_event_on_event_loop
    self._local_sources_watcher.update_watched_modules()
  File "/home/byulzzi/Documents/hawaii-project/venv/lib/python3.10/site-packages/streamlit/watcher/local_sources_watcher.py", line 177, in update_watched_modules
    self._register_necessary_watchers(modules_paths)
  File "/home/byulzzi/Documents/hawaii-project/venv/lib/python3.10/site-packages/streamlit/watcher/local_sources_watcher.py", line 183, in _register_necessary_watchers
    self._register_watcher(str(Path(path).resolve()), name)
  File "/home/byulzzi/Documents/hawaii-project/venv/lib/python3.10/site-packages/streamlit/watcher/local_sources_watcher.py", line 136, in _register_watcher
    watcher=PathWatcher(filepath, self.on_file_changed),
  File "/home/byulzzi/Documents/hawaii-project/venv/lib/python3.10/site-packages/streamlit/watcher/event_based_path_watcher.py", line 98, in __init__
    path_watcher.watch_path(
  File "/home/byulzzi/Documents/hawaii-project/venv/lib/python3.10/site-packages/streamlit/watcher/event_based_path_watcher.py", line 176, in watch_path
    folder_handler.watch = self._observer.schedule(
  File "/home/byulzzi/Documents/hawaii-project/venv/lib/python3.10/site-packages/watchdog/observers/api.py", line 323, in schedule
    emitter.start()
  File "/home/byulzzi/Documents/hawaii-project/venv/lib/python3.10/site-packages/watchdog/utils/__init__.py", line 92, in start
    self.on_thread_start()
  File "/home/byulzzi/Documents/hawaii-project/venv/lib/python3.10/site-packages/watchdog/observers/inotify.py", line 125, in on_thread_start
    self._inotify = InotifyBuffer(path, self.watch.is_recursive, event_mask)
  File "/home/byulzzi/Documents/hawaii-project/venv/lib/python3.10/site-packages/watchdog/observers/inotify_buffer.py", line 37, in __init__
    self._inotify = Inotify(path, recursive, event_mask)
  File "/home/byulzzi/Documents/hawaii-project/venv/lib/python3.10/site-packages/watchdog/observers/inotify_c.py", line 174, in __init__
    self._add_dir_watch(path, recursive, event_mask)
  File "/home/byulzzi/Documents/hawaii-project/venv/lib/python3.10/site-packages/watchdog/observers/inotify_c.py", line 380, in _add_dir_watch
    self._add_watch(path, mask)
  File "/home/byulzzi/Documents/hawaii-project/venv/lib/python3.10/site-packages/watchdog/observers/inotify_c.py", line 401, in _add_watch
    Inotify._raise_error()
  File "/home/byulzzi/Documents/hawaii-project/venv/lib/python3.10/site-packages/watchdog/observers/inotify_c.py", line 413, in _raise_error
    raise OSError(errno.ENOSPC, "inotify watch limit reached")
OSError: [Errno 28] inotify watch limit reached
2024-07-12 14:22:20,011 - ERROR - Exception in callback AppSession._on_scriptrunner_event.<locals>.<lambda>() at /home/byulzzi/Documents/hawaii-project/venv/lib/python3.10/site-packages/streamlit/runtime/app_session.py:488
handle: <Handle AppSession._on_scriptrunner_event.<locals>.<lambda>() at /home/byulzzi/Documents/hawaii-project/venv/lib/python3.10/site-packages/streamlit/runtime/app_session.py:488>
Traceback (most recent call last):
  File "/usr/lib/python3.10/asyncio/events.py", line 80, in _run
    self._context.run(self._callback, *self._args)
  File "/home/byulzzi/Documents/hawaii-project/venv/lib/python3.10/site-packages/streamlit/runtime/app_session.py", line 488, in <lambda>
    lambda: self._handle_scriptrunner_event_on_event_loop(
  File "/home/byulzzi/Documents/hawaii-project/venv/lib/python3.10/site-packages/streamlit/runtime/app_session.py", line 611, in _handle_scriptrunner_event_on_event_loop
    self._local_sources_watcher.update_watched_modules()
  File "/home/byulzzi/Documents/hawaii-project/venv/lib/python3.10/site-packages/streamlit/watcher/local_sources_watcher.py", line 177, in update_watched_modules
    self._register_necessary_watchers(modules_paths)
  File "/home/byulzzi/Documents/hawaii-project/venv/lib/python3.10/site-packages/streamlit/watcher/local_sources_watcher.py", line 183, in _register_necessary_watchers
    self._register_watcher(str(Path(path).resolve()), name)
  File "/home/byulzzi/Documents/hawaii-project/venv/lib/python3.10/site-packages/streamlit/watcher/local_sources_watcher.py", line 136, in _register_watcher
    watcher=PathWatcher(filepath, self.on_file_changed),
  File "/home/byulzzi/Documents/hawaii-project/venv/lib/python3.10/site-packages/streamlit/watcher/event_based_path_watcher.py", line 98, in __init__
    path_watcher.watch_path(
  File "/home/byulzzi/Documents/hawaii-project/venv/lib/python3.10/site-packages/streamlit/watcher/event_based_path_watcher.py", line 176, in watch_path
    folder_handler.watch = self._observer.schedule(
  File "/home/byulzzi/Documents/hawaii-project/venv/lib/python3.10/site-packages/watchdog/observers/api.py", line 323, in schedule
    emitter.start()
  File "/home/byulzzi/Documents/hawaii-project/venv/lib/python3.10/site-packages/watchdog/utils/__init__.py", line 92, in start
    self.on_thread_start()
  File "/home/byulzzi/Documents/hawaii-project/venv/lib/python3.10/site-packages/watchdog/observers/inotify.py", line 125, in on_thread_start
    self._inotify = InotifyBuffer(path, self.watch.is_recursive, event_mask)
  File "/home/byulzzi/Documents/hawaii-project/venv/lib/python3.10/site-packages/watchdog/observers/inotify_buffer.py", line 37, in __init__
    self._inotify = Inotify(path, recursive, event_mask)
  File "/home/byulzzi/Documents/hawaii-project/venv/lib/python3.10/site-packages/watchdog/observers/inotify_c.py", line 174, in __init__
    self._add_dir_watch(path, recursive, event_mask)
  File "/home/byulzzi/Documents/hawaii-project/venv/lib/python3.10/site-packages/watchdog/observers/inotify_c.py", line 380, in _add_dir_watch
    self._add_watch(path, mask)
  File "/home/byulzzi/Documents/hawaii-project/venv/lib/python3.10/site-packages/watchdog/observers/inotify_c.py", line 401, in _add_watch
    Inotify._raise_error()
  File "/home/byulzzi/Documents/hawaii-project/venv/lib/python3.10/site-packages/watchdog/observers/inotify_c.py", line 413, in _raise_error
    raise OSError(errno.ENOSPC, "inotify watch limit reached")
OSError: [Errno 28] inotify watch limit reached
2024-07-12 14:46:02,294 - ERROR - Exception in callback AppSession._on_scriptrunner_event.<locals>.<lambda>() at /home/byulzzi/Documents/hawaii-project/venv/lib/python3.10/site-packages/streamlit/runtime/app_session.py:488
handle: <Handle AppSession._on_scriptrunner_event.<locals>.<lambda>() at /home/byulzzi/Documents/hawaii-project/venv/lib/python3.10/site-packages/streamlit/runtime/app_session.py:488>
Traceback (most recent call last):
  File "/usr/lib/python3.10/asyncio/events.py", line 80, in _run
    self._context.run(self._callback, *self._args)
  File "/home/byulzzi/Documents/hawaii-project/venv/lib/python3.10/site-packages/streamlit/runtime/app_session.py", line 488, in <lambda>
    lambda: self._handle_scriptrunner_event_on_event_loop(
  File "/home/byulzzi/Documents/hawaii-project/venv/lib/python3.10/site-packages/streamlit/runtime/app_session.py", line 611, in _handle_scriptrunner_event_on_event_loop
    self._local_sources_watcher.update_watched_modules()
  File "/home/byulzzi/Documents/hawaii-project/venv/lib/python3.10/site-packages/streamlit/watcher/local_sources_watcher.py", line 177, in update_watched_modules
    self._register_necessary_watchers(modules_paths)
  File "/home/byulzzi/Documents/hawaii-project/venv/lib/python3.10/site-packages/streamlit/watcher/local_sources_watcher.py", line 183, in _register_necessary_watchers
    self._register_watcher(str(Path(path).resolve()), name)
  File "/home/byulzzi/Documents/hawaii-project/venv/lib/python3.10/site-packages/streamlit/watcher/local_sources_watcher.py", line 136, in _register_watcher
    watcher=PathWatcher(filepath, self.on_file_changed),
  File "/home/byulzzi/Documents/hawaii-project/venv/lib/python3.10/site-packages/streamlit/watcher/event_based_path_watcher.py", line 98, in __init__
    path_watcher.watch_path(
  File "/home/byulzzi/Documents/hawaii-project/venv/lib/python3.10/site-packages/streamlit/watcher/event_based_path_watcher.py", line 176, in watch_path
    folder_handler.watch = self._observer.schedule(
  File "/home/byulzzi/Documents/hawaii-project/venv/lib/python3.10/site-packages/watchdog/observers/api.py", line 323, in schedule
    emitter.start()
  File "/home/byulzzi/Documents/hawaii-project/venv/lib/python3.10/site-packages/watchdog/utils/__init__.py", line 92, in start
    self.on_thread_start()
  File "/home/byulzzi/Documents/hawaii-project/venv/lib/python3.10/site-packages/watchdog/observers/inotify.py", line 125, in on_thread_start
    self._inotify = InotifyBuffer(path, self.watch.is_recursive, event_mask)
  File "/home/byulzzi/Documents/hawaii-project/venv/lib/python3.10/site-packages/watchdog/observers/inotify_buffer.py", line 37, in __init__
    self._inotify = Inotify(path, recursive, event_mask)
  File "/home/byulzzi/Documents/hawaii-project/venv/lib/python3.10/site-packages/watchdog/observers/inotify_c.py", line 174, in __init__
    self._add_dir_watch(path, recursive, event_mask)
  File "/home/byulzzi/Documents/hawaii-project/venv/lib/python3.10/site-packages/watchdog/observers/inotify_c.py", line 380, in _add_dir_watch
    self._add_watch(path, mask)
  File "/home/byulzzi/Documents/hawaii-project/venv/lib/python3.10/site-packages/watchdog/observers/inotify_c.py", line 401, in _add_watch
    Inotify._raise_error()
  File "/home/byulzzi/Documents/hawaii-project/venv/lib/python3.10/site-packages/watchdog/observers/inotify_c.py", line 413, in _raise_error
    raise OSError(errno.ENOSPC, "inotify watch limit reached")
OSError: [Errno 28] inotify watch limit reached
2024-07-12 14:53:14,913 - ERROR - Exception in callback AppSession._on_scriptrunner_event.<locals>.<lambda>() at /home/byulzzi/Documents/hawaii-project/venv/lib/python3.10/site-packages/streamlit/runtime/app_session.py:488
handle: <Handle AppSession._on_scriptrunner_event.<locals>.<lambda>() at /home/byulzzi/Documents/hawaii-project/venv/lib/python3.10/site-packages/streamlit/runtime/app_session.py:488>
Traceback (most recent call last):
  File "/usr/lib/python3.10/asyncio/events.py", line 80, in _run
    self._context.run(self._callback, *self._args)
  File "/home/byulzzi/Documents/hawaii-project/venv/lib/python3.10/site-packages/streamlit/runtime/app_session.py", line 488, in <lambda>
    lambda: self._handle_scriptrunner_event_on_event_loop(
  File "/home/byulzzi/Documents/hawaii-project/venv/lib/python3.10/site-packages/streamlit/runtime/app_session.py", line 611, in _handle_scriptrunner_event_on_event_loop
    self._local_sources_watcher.update_watched_modules()
  File "/home/byulzzi/Documents/hawaii-project/venv/lib/python3.10/site-packages/streamlit/watcher/local_sources_watcher.py", line 177, in update_watched_modules
    self._register_necessary_watchers(modules_paths)
  File "/home/byulzzi/Documents/hawaii-project/venv/lib/python3.10/site-packages/streamlit/watcher/local_sources_watcher.py", line 183, in _register_necessary_watchers
    self._register_watcher(str(Path(path).resolve()), name)
  File "/home/byulzzi/Documents/hawaii-project/venv/lib/python3.10/site-packages/streamlit/watcher/local_sources_watcher.py", line 136, in _register_watcher
    watcher=PathWatcher(filepath, self.on_file_changed),
  File "/home/byulzzi/Documents/hawaii-project/venv/lib/python3.10/site-packages/streamlit/watcher/event_based_path_watcher.py", line 98, in __init__
    path_watcher.watch_path(
  File "/home/byulzzi/Documents/hawaii-project/venv/lib/python3.10/site-packages/streamlit/watcher/event_based_path_watcher.py", line 176, in watch_path
    folder_handler.watch = self._observer.schedule(
  File "/home/byulzzi/Documents/hawaii-project/venv/lib/python3.10/site-packages/watchdog/observers/api.py", line 323, in schedule
    emitter.start()
  File "/home/byulzzi/Documents/hawaii-project/venv/lib/python3.10/site-packages/watchdog/utils/__init__.py", line 92, in start
    self.on_thread_start()
  File "/home/byulzzi/Documents/hawaii-project/venv/lib/python3.10/site-packages/watchdog/observers/inotify.py", line 125, in on_thread_start
    self._inotify = InotifyBuffer(path, self.watch.is_recursive, event_mask)
  File "/home/byulzzi/Documents/hawaii-project/venv/lib/python3.10/site-packages/watchdog/observers/inotify_buffer.py", line 37, in __init__
    self._inotify = Inotify(path, recursive, event_mask)
  File "/home/byulzzi/Documents/hawaii-project/venv/lib/python3.10/site-packages/watchdog/observers/inotify_c.py", line 174, in __init__
    self._add_dir_watch(path, recursive, event_mask)
  File "/home/byulzzi/Documents/hawaii-project/venv/lib/python3.10/site-packages/watchdog/observers/inotify_c.py", line 380, in _add_dir_watch
    self._add_watch(path, mask)
  File "/home/byulzzi/Documents/hawaii-project/venv/lib/python3.10/site-packages/watchdog/observers/inotify_c.py", line 401, in _add_watch
    Inotify._raise_error()
  File "/home/byulzzi/Documents/hawaii-project/venv/lib/python3.10/site-packages/watchdog/observers/inotify_c.py", line 413, in _raise_error
    raise OSError(errno.ENOSPC, "inotify watch limit reached")
OSError: [Errno 28] inotify watch limit reached
2024-07-12 14:53:17,269 - ERROR - Exception in callback AppSession._on_scriptrunner_event.<locals>.<lambda>() at /home/byulzzi/Documents/hawaii-project/venv/lib/python3.10/site-packages/streamlit/runtime/app_session.py:488
handle: <Handle AppSession._on_scriptrunner_event.<locals>.<lambda>() at /home/byulzzi/Documents/hawaii-project/venv/lib/python3.10/site-packages/streamlit/runtime/app_session.py:488>
Traceback (most recent call last):
  File "/usr/lib/python3.10/asyncio/events.py", line 80, in _run
    self._context.run(self._callback, *self._args)
  File "/home/byulzzi/Documents/hawaii-project/venv/lib/python3.10/site-packages/streamlit/runtime/app_session.py", line 488, in <lambda>
    lambda: self._handle_scriptrunner_event_on_event_loop(
  File "/home/byulzzi/Documents/hawaii-project/venv/lib/python3.10/site-packages/streamlit/runtime/app_session.py", line 611, in _handle_scriptrunner_event_on_event_loop
    self._local_sources_watcher.update_watched_modules()
  File "/home/byulzzi/Documents/hawaii-project/venv/lib/python3.10/site-packages/streamlit/watcher/local_sources_watcher.py", line 177, in update_watched_modules
    self._register_necessary_watchers(modules_paths)
  File "/home/byulzzi/Documents/hawaii-project/venv/lib/python3.10/site-packages/streamlit/watcher/local_sources_watcher.py", line 183, in _register_necessary_watchers
    self._register_watcher(str(Path(path).resolve()), name)
  File "/home/byulzzi/Documents/hawaii-project/venv/lib/python3.10/site-packages/streamlit/watcher/local_sources_watcher.py", line 136, in _register_watcher
    watcher=PathWatcher(filepath, self.on_file_changed),
  File "/home/byulzzi/Documents/hawaii-project/venv/lib/python3.10/site-packages/streamlit/watcher/event_based_path_watcher.py", line 98, in __init__
    path_watcher.watch_path(
  File "/home/byulzzi/Documents/hawaii-project/venv/lib/python3.10/site-packages/streamlit/watcher/event_based_path_watcher.py", line 176, in watch_path
    folder_handler.watch = self._observer.schedule(
  File "/home/byulzzi/Documents/hawaii-project/venv/lib/python3.10/site-packages/watchdog/observers/api.py", line 323, in schedule
    emitter.start()
  File "/home/byulzzi/Documents/hawaii-project/venv/lib/python3.10/site-packages/watchdog/utils/__init__.py", line 92, in start
    self.on_thread_start()
  File "/home/byulzzi/Documents/hawaii-project/venv/lib/python3.10/site-packages/watchdog/observers/inotify.py", line 125, in on_thread_start
    self._inotify = InotifyBuffer(path, self.watch.is_recursive, event_mask)
  File "/home/byulzzi/Documents/hawaii-project/venv/lib/python3.10/site-packages/watchdog/observers/inotify_buffer.py", line 37, in __init__
    self._inotify = Inotify(path, recursive, event_mask)
  File "/home/byulzzi/Documents/hawaii-project/venv/lib/python3.10/site-packages/watchdog/observers/inotify_c.py", line 174, in __init__
    self._add_dir_watch(path, recursive, event_mask)
  File "/home/byulzzi/Documents/hawaii-project/venv/lib/python3.10/site-packages/watchdog/observers/inotify_c.py", line 380, in _add_dir_watch
    self._add_watch(path, mask)
  File "/home/byulzzi/Documents/hawaii-project/venv/lib/python3.10/site-packages/watchdog/observers/inotify_c.py", line 401, in _add_watch
    Inotify._raise_error()
  File "/home/byulzzi/Documents/hawaii-project/venv/lib/python3.10/site-packages/watchdog/observers/inotify_c.py", line 413, in _raise_error
    raise OSError(errno.ENOSPC, "inotify watch limit reached")
OSError: [Errno 28] inotify watch limit reached
2024-07-12 15:00:28,351 - ERROR - Exception in callback AppSession._on_scriptrunner_event.<locals>.<lambda>() at /home/byulzzi/Documents/hawaii-project/venv/lib/python3.10/site-packages/streamlit/runtime/app_session.py:488
handle: <Handle AppSession._on_scriptrunner_event.<locals>.<lambda>() at /home/byulzzi/Documents/hawaii-project/venv/lib/python3.10/site-packages/streamlit/runtime/app_session.py:488>
Traceback (most recent call last):
  File "/usr/lib/python3.10/asyncio/events.py", line 80, in _run
    self._context.run(self._callback, *self._args)
  File "/home/byulzzi/Documents/hawaii-project/venv/lib/python3.10/site-packages/streamlit/runtime/app_session.py", line 488, in <lambda>
    lambda: self._handle_scriptrunner_event_on_event_loop(
  File "/home/byulzzi/Documents/hawaii-project/venv/lib/python3.10/site-packages/streamlit/runtime/app_session.py", line 611, in _handle_scriptrunner_event_on_event_loop
    self._local_sources_watcher.update_watched_modules()
  File "/home/byulzzi/Documents/hawaii-project/venv/lib/python3.10/site-packages/streamlit/watcher/local_sources_watcher.py", line 177, in update_watched_modules
    self._register_necessary_watchers(modules_paths)
  File "/home/byulzzi/Documents/hawaii-project/venv/lib/python3.10/site-packages/streamlit/watcher/local_sources_watcher.py", line 183, in _register_necessary_watchers
    self._register_watcher(str(Path(path).resolve()), name)
  File "/home/byulzzi/Documents/hawaii-project/venv/lib/python3.10/site-packages/streamlit/watcher/local_sources_watcher.py", line 136, in _register_watcher
    watcher=PathWatcher(filepath, self.on_file_changed),
  File "/home/byulzzi/Documents/hawaii-project/venv/lib/python3.10/site-packages/streamlit/watcher/event_based_path_watcher.py", line 98, in __init__
    path_watcher.watch_path(
  File "/home/byulzzi/Documents/hawaii-project/venv/lib/python3.10/site-packages/streamlit/watcher/event_based_path_watcher.py", line 176, in watch_path
    folder_handler.watch = self._observer.schedule(
  File "/home/byulzzi/Documents/hawaii-project/venv/lib/python3.10/site-packages/watchdog/observers/api.py", line 323, in schedule
    emitter.start()
  File "/home/byulzzi/Documents/hawaii-project/venv/lib/python3.10/site-packages/watchdog/utils/__init__.py", line 92, in start
    self.on_thread_start()
  File "/home/byulzzi/Documents/hawaii-project/venv/lib/python3.10/site-packages/watchdog/observers/inotify.py", line 125, in on_thread_start
    self._inotify = InotifyBuffer(path, self.watch.is_recursive, event_mask)
  File "/home/byulzzi/Documents/hawaii-project/venv/lib/python3.10/site-packages/watchdog/observers/inotify_buffer.py", line 37, in __init__
    self._inotify = Inotify(path, recursive, event_mask)
  File "/home/byulzzi/Documents/hawaii-project/venv/lib/python3.10/site-packages/watchdog/observers/inotify_c.py", line 174, in __init__
    self._add_dir_watch(path, recursive, event_mask)
  File "/home/byulzzi/Documents/hawaii-project/venv/lib/python3.10/site-packages/watchdog/observers/inotify_c.py", line 380, in _add_dir_watch
    self._add_watch(path, mask)
  File "/home/byulzzi/Documents/hawaii-project/venv/lib/python3.10/site-packages/watchdog/observers/inotify_c.py", line 401, in _add_watch
    Inotify._raise_error()
  File "/home/byulzzi/Documents/hawaii-project/venv/lib/python3.10/site-packages/watchdog/observers/inotify_c.py", line 413, in _raise_error
    raise OSError(errno.ENOSPC, "inotify watch limit reached")
OSError: [Errno 28] inotify watch limit reached
2024-07-12 15:00:28,585 - ERROR - Exception in callback AppSession._on_scriptrunner_event.<locals>.<lambda>() at /home/byulzzi/Documents/hawaii-project/venv/lib/python3.10/site-packages/streamlit/runtime/app_session.py:488
handle: <Handle AppSession._on_scriptrunner_event.<locals>.<lambda>() at /home/byulzzi/Documents/hawaii-project/venv/lib/python3.10/site-packages/streamlit/runtime/app_session.py:488>
Traceback (most recent call last):
  File "/usr/lib/python3.10/asyncio/events.py", line 80, in _run
    self._context.run(self._callback, *self._args)
  File "/home/byulzzi/Documents/hawaii-project/venv/lib/python3.10/site-packages/streamlit/runtime/app_session.py", line 488, in <lambda>
    lambda: self._handle_scriptrunner_event_on_event_loop(
  File "/home/byulzzi/Documents/hawaii-project/venv/lib/python3.10/site-packages/streamlit/runtime/app_session.py", line 611, in _handle_scriptrunner_event_on_event_loop
    self._local_sources_watcher.update_watched_modules()
  File "/home/byulzzi/Documents/hawaii-project/venv/lib/python3.10/site-packages/streamlit/watcher/local_sources_watcher.py", line 177, in update_watched_modules
    self._register_necessary_watchers(modules_paths)
  File "/home/byulzzi/Documents/hawaii-project/venv/lib/python3.10/site-packages/streamlit/watcher/local_sources_watcher.py", line 183, in _register_necessary_watchers
    self._register_watcher(str(Path(path).resolve()), name)
  File "/home/byulzzi/Documents/hawaii-project/venv/lib/python3.10/site-packages/streamlit/watcher/local_sources_watcher.py", line 136, in _register_watcher
    watcher=PathWatcher(filepath, self.on_file_changed),
  File "/home/byulzzi/Documents/hawaii-project/venv/lib/python3.10/site-packages/streamlit/watcher/event_based_path_watcher.py", line 98, in __init__
    path_watcher.watch_path(
  File "/home/byulzzi/Documents/hawaii-project/venv/lib/python3.10/site-packages/streamlit/watcher/event_based_path_watcher.py", line 176, in watch_path
    folder_handler.watch = self._observer.schedule(
  File "/home/byulzzi/Documents/hawaii-project/venv/lib/python3.10/site-packages/watchdog/observers/api.py", line 323, in schedule
    emitter.start()
  File "/home/byulzzi/Documents/hawaii-project/venv/lib/python3.10/site-packages/watchdog/utils/__init__.py", line 92, in start
    self.on_thread_start()
  File "/home/byulzzi/Documents/hawaii-project/venv/lib/python3.10/site-packages/watchdog/observers/inotify.py", line 125, in on_thread_start
    self._inotify = InotifyBuffer(path, self.watch.is_recursive, event_mask)
  File "/home/byulzzi/Documents/hawaii-project/venv/lib/python3.10/site-packages/watchdog/observers/inotify_buffer.py", line 37, in __init__
    self._inotify = Inotify(path, recursive, event_mask)
  File "/home/byulzzi/Documents/hawaii-project/venv/lib/python3.10/site-packages/watchdog/observers/inotify_c.py", line 174, in __init__
    self._add_dir_watch(path, recursive, event_mask)
  File "/home/byulzzi/Documents/hawaii-project/venv/lib/python3.10/site-packages/watchdog/observers/inotify_c.py", line 380, in _add_dir_watch
    self._add_watch(path, mask)
  File "/home/byulzzi/Documents/hawaii-project/venv/lib/python3.10/site-packages/watchdog/observers/inotify_c.py", line 401, in _add_watch
    Inotify._raise_error()
  File "/home/byulzzi/Documents/hawaii-project/venv/lib/python3.10/site-packages/watchdog/observers/inotify_c.py", line 413, in _raise_error
    raise OSError(errno.ENOSPC, "inotify watch limit reached")
OSError: [Errno 28] inotify watch limit reached
2024-07-13 23:31:08,817 - ERROR - Message: 
Stacktrace:
	GetHandleVerifier [0x00007FF78B8FEEA2+31554]
	(No symbol) [0x00007FF78B877ED9]
	(No symbol) [0x00007FF78B73872A]
	(No symbol) [0x00007FF78B788434]
	(No symbol) [0x00007FF78B78853C]
	(No symbol) [0x00007FF78B7CF6A7]
	(No symbol) [0x00007FF78B7AD06F]
	(No symbol) [0x00007FF78B7CC977]
	(No symbol) [0x00007FF78B7ACDD3]
	(No symbol) [0x00007FF78B77A33B]
	(No symbol) [0x00007FF78B77AED1]
	GetHandleVerifier [0x00007FF78BC08B1D+3217341]
	GetHandleVerifier [0x00007FF78BC55AE3+3532675]
	GetHandleVerifier [0x00007FF78BC4B0E0+3489152]
	GetHandleVerifier [0x00007FF78B9AE776+750614]
	(No symbol) [0x00007FF78B88375F]
	(No symbol) [0x00007FF78B87EB14]
	(No symbol) [0x00007FF78B87ECA2]
	(No symbol) [0x00007FF78B86E16F]
	BaseThreadInitThunk [0x00007FF8F6EC257D+29]
	RtlUserThreadStart [0x00007FF8F7AEAF28+40]

2024-07-13 23:31:19,171 - ERROR - Message: 
Stacktrace:
	GetHandleVerifier [0x00007FF78B8FEEA2+31554]
	(No symbol) [0x00007FF78B877ED9]
	(No symbol) [0x00007FF78B73872A]
	(No symbol) [0x00007FF78B788434]
	(No symbol) [0x00007FF78B78853C]
	(No symbol) [0x00007FF78B7CF6A7]
	(No symbol) [0x00007FF78B7AD06F]
	(No symbol) [0x00007FF78B7CC977]
	(No symbol) [0x00007FF78B7ACDD3]
	(No symbol) [0x00007FF78B77A33B]
	(No symbol) [0x00007FF78B77AED1]
	GetHandleVerifier [0x00007FF78BC08B1D+3217341]
	GetHandleVerifier [0x00007FF78BC55AE3+3532675]
	GetHandleVerifier [0x00007FF78BC4B0E0+3489152]
	GetHandleVerifier [0x00007FF78B9AE776+750614]
	(No symbol) [0x00007FF78B88375F]
	(No symbol) [0x00007FF78B87EB14]
	(No symbol) [0x00007FF78B87ECA2]
	(No symbol) [0x00007FF78B86E16F]
	BaseThreadInitThunk [0x00007FF8F6EC257D+29]
	RtlUserThreadStart [0x00007FF8F7AEAF28+40]

2024-07-13 23:31:39,911 - ERROR - Error occurred during China crawling: All arrays must be of the same length
2024-07-13 23:48:28,480 - ERROR - Error extracting journalist name from https://www.yna.co.kr/view/AKR20240713042900527?section=society/all: Message: 
Stacktrace:
	GetHandleVerifier [0x0048C1C3+27395]
	(No symbol) [0x00423DC4]
	(No symbol) [0x00321B7F]
	(No symbol) [0x00362C65]
	(No symbol) [0x00362D3B]
	(No symbol) [0x0039EC82]
	(No symbol) [0x003839E4]
	(No symbol) [0x0039CB24]
	(No symbol) [0x00383736]
	(No symbol) [0x00357541]
	(No symbol) [0x003580BD]
	GetHandleVerifier [0x00743A93+2876371]
	GetHandleVerifier [0x00797F5D+3221661]
	GetHandleVerifier [0x0050D634+556916]
	GetHandleVerifier [0x0051474C+585868]
	(No symbol) [0x0042CE04]
	(No symbol) [0x00429818]
	(No symbol) [0x004299B7]
	(No symbol) [0x0041BF0E]
	BaseThreadInitThunk [0x75D57BA9+25]
	RtlInitializeExceptionChain [0x77B1C10B+107]
	RtlClearBits [0x77B1C08F+191]

2024-07-13 23:48:50,127 - ERROR - Error extracting journalist name from https://www.yna.co.kr/view/AKR20240713043100007?section=sports/all: Message: 
Stacktrace:
	GetHandleVerifier [0x0048C1C3+27395]
	(No symbol) [0x00423DC4]
	(No symbol) [0x00321B7F]
	(No symbol) [0x00362C65]
	(No symbol) [0x00362D3B]
	(No symbol) [0x0039EC82]
	(No symbol) [0x003839E4]
	(No symbol) [0x0039CB24]
	(No symbol) [0x00383736]
	(No symbol) [0x00357541]
	(No symbol) [0x003580BD]
	GetHandleVerifier [0x00743A93+2876371]
	GetHandleVerifier [0x00797F5D+3221661]
	GetHandleVerifier [0x0050D634+556916]
	GetHandleVerifier [0x0051474C+585868]
	(No symbol) [0x0042CE04]
	(No symbol) [0x00429818]
	(No symbol) [0x004299B7]
	(No symbol) [0x0041BF0E]
	BaseThreadInitThunk [0x75D57BA9+25]
	RtlInitializeExceptionChain [0x77B1C10B+107]
	RtlClearBits [0x77B1C08F+191]

2024-07-14 00:07:05,015 - ERROR - Error extracting journalist name from https://www.yna.co.kr/view/AKR20240713042900527?section=society/all: Message: 
Stacktrace:
	GetHandleVerifier [0x008AC1C3+27395]
	(No symbol) [0x00843DC4]
	(No symbol) [0x00741B7F]
	(No symbol) [0x00782C65]
	(No symbol) [0x00782D3B]
	(No symbol) [0x007BEC82]
	(No symbol) [0x007A39E4]
	(No symbol) [0x007BCB24]
	(No symbol) [0x007A3736]
	(No symbol) [0x00777541]
	(No symbol) [0x007780BD]
	GetHandleVerifier [0x00B63A93+2876371]
	GetHandleVerifier [0x00BB7F5D+3221661]
	GetHandleVerifier [0x0092D634+556916]
	GetHandleVerifier [0x0093474C+585868]
	(No symbol) [0x0084CE04]
	(No symbol) [0x00849818]
	(No symbol) [0x008499B7]
	(No symbol) [0x0083BF0E]
	BaseThreadInitThunk [0x75D57BA9+25]
	RtlInitializeExceptionChain [0x77B1C10B+107]
	RtlClearBits [0x77B1C08F+191]

2024-07-14 00:07:27,870 - ERROR - Error extracting journalist name from https://www.yna.co.kr/view/AKR20240713043100007?section=sports/all: Message: 
Stacktrace:
	GetHandleVerifier [0x008AC1C3+27395]
	(No symbol) [0x00843DC4]
	(No symbol) [0x00741B7F]
	(No symbol) [0x00782C65]
	(No symbol) [0x00782D3B]
	(No symbol) [0x007BEC82]
	(No symbol) [0x007A39E4]
	(No symbol) [0x007BCB24]
	(No symbol) [0x007A3736]
	(No symbol) [0x00777541]
	(No symbol) [0x007780BD]
	GetHandleVerifier [0x00B63A93+2876371]
	GetHandleVerifier [0x00BB7F5D+3221661]
	GetHandleVerifier [0x0092D634+556916]
	GetHandleVerifier [0x0093474C+585868]
	(No symbol) [0x0084CE04]
	(No symbol) [0x00849818]
	(No symbol) [0x008499B7]
	(No symbol) [0x0083BF0E]
	BaseThreadInitThunk [0x75D57BA9+25]
	RtlInitializeExceptionChain [0x77B1C10B+107]
	RtlClearBits [0x77B1C08F+191]

2024-07-14 00:16:19,193 - ERROR - Error extracting journalist name from https://www.yna.co.kr/view/AKR20240713042900527?section=society/all: Message: 
Stacktrace:
	GetHandleVerifier [0x008AC1C3+27395]
	(No symbol) [0x00843DC4]
	(No symbol) [0x00741B7F]
	(No symbol) [0x00782C65]
	(No symbol) [0x00782D3B]
	(No symbol) [0x007BEC82]
	(No symbol) [0x007A39E4]
	(No symbol) [0x007BCB24]
	(No symbol) [0x007A3736]
	(No symbol) [0x00777541]
	(No symbol) [0x007780BD]
	GetHandleVerifier [0x00B63A93+2876371]
	GetHandleVerifier [0x00BB7F5D+3221661]
	GetHandleVerifier [0x0092D634+556916]
	GetHandleVerifier [0x0093474C+585868]
	(No symbol) [0x0084CE04]
	(No symbol) [0x00849818]
	(No symbol) [0x008499B7]
	(No symbol) [0x0083BF0E]
	BaseThreadInitThunk [0x75D57BA9+25]
	RtlInitializeExceptionChain [0x77B1C10B+107]
	RtlClearBits [0x77B1C08F+191]

2024-07-14 00:16:44,741 - ERROR - Error extracting journalist name from https://www.yna.co.kr/view/AKR20240713043100007?section=sports/all: Message: 
Stacktrace:
	GetHandleVerifier [0x008AC1C3+27395]
	(No symbol) [0x00843DC4]
	(No symbol) [0x00741B7F]
	(No symbol) [0x00782C65]
	(No symbol) [0x00782D3B]
	(No symbol) [0x007BEC82]
	(No symbol) [0x007A39E4]
	(No symbol) [0x007BCB24]
	(No symbol) [0x007A3736]
	(No symbol) [0x00777541]
	(No symbol) [0x007780BD]
	GetHandleVerifier [0x00B63A93+2876371]
	GetHandleVerifier [0x00BB7F5D+3221661]
	GetHandleVerifier [0x0092D634+556916]
	GetHandleVerifier [0x0093474C+585868]
	(No symbol) [0x0084CE04]
	(No symbol) [0x00849818]
	(No symbol) [0x008499B7]
	(No symbol) [0x0083BF0E]
	BaseThreadInitThunk [0x75D57BA9+25]
	RtlInitializeExceptionChain [0x77B1C10B+107]
	RtlClearBits [0x77B1C08F+191]

2024-07-14 00:21:19,412 - ERROR - Error extracting journalist name from https://www.yna.co.kr/view/AKR20240713042900527?section=society/all: Message: 
Stacktrace:
	GetHandleVerifier [0x008AC1C3+27395]
	(No symbol) [0x00843DC4]
	(No symbol) [0x00741B7F]
	(No symbol) [0x00782C65]
	(No symbol) [0x00782D3B]
	(No symbol) [0x007BEC82]
	(No symbol) [0x007A39E4]
	(No symbol) [0x007BCB24]
	(No symbol) [0x007A3736]
	(No symbol) [0x00777541]
	(No symbol) [0x007780BD]
	GetHandleVerifier [0x00B63A93+2876371]
	GetHandleVerifier [0x00BB7F5D+3221661]
	GetHandleVerifier [0x0092D634+556916]
	GetHandleVerifier [0x0093474C+585868]
	(No symbol) [0x0084CE04]
	(No symbol) [0x00849818]
	(No symbol) [0x008499B7]
	(No symbol) [0x0083BF0E]
	BaseThreadInitThunk [0x75D57BA9+25]
	RtlInitializeExceptionChain [0x77B1C10B+107]
	RtlClearBits [0x77B1C08F+191]

2024-07-14 00:21:45,361 - ERROR - Error extracting journalist name from https://www.yna.co.kr/view/AKR20240713043100007?section=sports/all: Message: 
Stacktrace:
	GetHandleVerifier [0x008AC1C3+27395]
	(No symbol) [0x00843DC4]
	(No symbol) [0x00741B7F]
	(No symbol) [0x00782C65]
	(No symbol) [0x00782D3B]
	(No symbol) [0x007BEC82]
	(No symbol) [0x007A39E4]
	(No symbol) [0x007BCB24]
	(No symbol) [0x007A3736]
	(No symbol) [0x00777541]
	(No symbol) [0x007780BD]
	GetHandleVerifier [0x00B63A93+2876371]
	GetHandleVerifier [0x00BB7F5D+3221661]
	GetHandleVerifier [0x0092D634+556916]
	GetHandleVerifier [0x0093474C+585868]
	(No symbol) [0x0084CE04]
	(No symbol) [0x00849818]
	(No symbol) [0x008499B7]
	(No symbol) [0x0083BF0E]
	BaseThreadInitThunk [0x75D57BA9+25]
	RtlInitializeExceptionChain [0x77B1C10B+107]
	RtlClearBits [0x77B1C08F+191]

2024-07-14 00:24:33,188 - ERROR - Error extracting journalist name from https://www.yna.co.kr/view/AKR20240713042900527?section=society/all: Message: 
Stacktrace:
	GetHandleVerifier [0x008AC1C3+27395]
	(No symbol) [0x00843DC4]
	(No symbol) [0x00741B7F]
	(No symbol) [0x00782C65]
	(No symbol) [0x00782D3B]
	(No symbol) [0x007BEC82]
	(No symbol) [0x007A39E4]
	(No symbol) [0x007BCB24]
	(No symbol) [0x007A3736]
	(No symbol) [0x00777541]
	(No symbol) [0x007780BD]
	GetHandleVerifier [0x00B63A93+2876371]
	GetHandleVerifier [0x00BB7F5D+3221661]
	GetHandleVerifier [0x0092D634+556916]
	GetHandleVerifier [0x0093474C+585868]
	(No symbol) [0x0084CE04]
	(No symbol) [0x00849818]
	(No symbol) [0x008499B7]
	(No symbol) [0x0083BF0E]
	BaseThreadInitThunk [0x75D57BA9+25]
	RtlInitializeExceptionChain [0x77B1C10B+107]
	RtlClearBits [0x77B1C08F+191]

2024-07-14 00:26:50,954 - ERROR - Error extracting journalist name from https://www.yna.co.kr/view/AKR20240713042900527?section=society/all: Message: 
Stacktrace:
	GetHandleVerifier [0x008AC1C3+27395]
	(No symbol) [0x00843DC4]
	(No symbol) [0x00741B7F]
	(No symbol) [0x00782C65]
	(No symbol) [0x00782D3B]
	(No symbol) [0x007BEC82]
	(No symbol) [0x007A39E4]
	(No symbol) [0x007BCB24]
	(No symbol) [0x007A3736]
	(No symbol) [0x00777541]
	(No symbol) [0x007780BD]
	GetHandleVerifier [0x00B63A93+2876371]
	GetHandleVerifier [0x00BB7F5D+3221661]
	GetHandleVerifier [0x0092D634+556916]
	GetHandleVerifier [0x0093474C+585868]
	(No symbol) [0x0084CE04]
	(No symbol) [0x00849818]
	(No symbol) [0x008499B7]
	(No symbol) [0x0083BF0E]
	BaseThreadInitThunk [0x75D57BA9+25]
	RtlInitializeExceptionChain [0x77B1C10B+107]
	RtlClearBits [0x77B1C08F+191]

2024-07-14 00:27:10,744 - ERROR - Error during translation: HTTP Error 400: Bad Request
2024-07-14 00:29:37,703 - ERROR - Error extracting journalist name from https://www.yna.co.kr/view/AKR20240713042900527?section=society/all: Message: 
Stacktrace:
	GetHandleVerifier [0x008AC1C3+27395]
	(No symbol) [0x00843DC4]
	(No symbol) [0x00741B7F]
	(No symbol) [0x00782C65]
	(No symbol) [0x00782D3B]
	(No symbol) [0x007BEC82]
	(No symbol) [0x007A39E4]
	(No symbol) [0x007BCB24]
	(No symbol) [0x007A3736]
	(No symbol) [0x00777541]
	(No symbol) [0x007780BD]
	GetHandleVerifier [0x00B63A93+2876371]
	GetHandleVerifier [0x00BB7F5D+3221661]
	GetHandleVerifier [0x0092D634+556916]
	GetHandleVerifier [0x0093474C+585868]
	(No symbol) [0x0084CE04]
	(No symbol) [0x00849818]
	(No symbol) [0x008499B7]
	(No symbol) [0x0083BF0E]
	BaseThreadInitThunk [0x75D57BA9+25]
	RtlInitializeExceptionChain [0x77B1C10B+107]
	RtlClearBits [0x77B1C08F+191]

2024-07-14 00:34:07,223 - ERROR - Error processing main article on page 1 of society: Message: 
Stacktrace:
	GetHandleVerifier [0x008AC1C3+27395]
	(No symbol) [0x00843DC4]
	(No symbol) [0x00741B7F]
	(No symbol) [0x00782C65]
	(No symbol) [0x00782D3B]
	(No symbol) [0x007BEC82]
	(No symbol) [0x007A39E4]
	(No symbol) [0x007BCB24]
	(No symbol) [0x007A3736]
	(No symbol) [0x00777541]
	(No symbol) [0x007780BD]
	GetHandleVerifier [0x00B63A93+2876371]
	GetHandleVerifier [0x00BB7F5D+3221661]
	GetHandleVerifier [0x0092D634+556916]
	GetHandleVerifier [0x0093474C+585868]
	(No symbol) [0x0084CE04]
	(No symbol) [0x00849818]
	(No symbol) [0x008499B7]
	(No symbol) [0x0083BF0E]
	BaseThreadInitThunk [0x75D57BA9+25]
	RtlInitializeExceptionChain [0x77B1C10B+107]
	RtlClearBits [0x77B1C08F+191]

2024-07-14 00:34:17,577 - ERROR - Error processing small article on page 1, article 1 of society: Message: 
Stacktrace:
	GetHandleVerifier [0x008AC1C3+27395]
	(No symbol) [0x00843DC4]
	(No symbol) [0x00741B7F]
	(No symbol) [0x00782C65]
	(No symbol) [0x00782D3B]
	(No symbol) [0x007BEC82]
	(No symbol) [0x007A39E4]
	(No symbol) [0x007BCB24]
	(No symbol) [0x007A3736]
	(No symbol) [0x00777541]
	(No symbol) [0x007780BD]
	GetHandleVerifier [0x00B63A93+2876371]
	GetHandleVerifier [0x00BB7F5D+3221661]
	GetHandleVerifier [0x0092D634+556916]
	GetHandleVerifier [0x0093474C+585868]
	(No symbol) [0x0084CE04]
	(No symbol) [0x00849818]
	(No symbol) [0x008499B7]
	(No symbol) [0x0083BF0E]
	BaseThreadInitThunk [0x75D57BA9+25]
	RtlInitializeExceptionChain [0x77B1C10B+107]
	RtlClearBits [0x77B1C08F+191]

2024-07-14 00:34:56,671 - ERROR - Error occurred during crawling for Vietnam: HTTPConnectionPool(host='localhost', port=60420): Max retries exceeded with url: /session/a6e113abc961a6ee13b1bb9f19097b01/url (Caused by NewConnectionError('<urllib3.connection.HTTPConnection object at 0x000001DEEC8094C0>: Failed to establish a new connection: [WinError 10061]      '))
2024-07-14 00:35:41,639 - ERROR - Error processing main article on page 1 of society: Message: disconnected: not connected to DevTools
  (failed to check if window was closed: disconnected: not connected to DevTools)
  (Session info: chrome-headless-shell=126.0.6478.127)
Stacktrace:
	GetHandleVerifier [0x008AC1C3+27395]
	(No symbol) [0x00843DC4]
	(No symbol) [0x00741B7F]
	(No symbol) [0x0072C8E8]
	(No symbol) [0x0072C809]
	(No symbol) [0x00743DB0]
	(No symbol) [0x007BC3F6]
	(No symbol) [0x007A3736]
	(No symbol) [0x00777541]
	(No symbol) [0x007780BD]
	GetHandleVerifier [0x00B63A93+2876371]
	GetHandleVerifier [0x00BB7F5D+3221661]
	GetHandleVerifier [0x0092D634+556916]
	GetHandleVerifier [0x0093474C+585868]
	(No symbol) [0x0084CE04]
	(No symbol) [0x00849818]
	(No symbol) [0x008499B7]
	(No symbol) [0x0083BF0E]
	BaseThreadInitThunk [0x75D57BA9+25]
	RtlInitializeExceptionChain [0x77B1C10B+107]
	RtlClearBits [0x77B1C08F+191]

2024-07-14 00:35:41,642 - ERROR - Error processing small article on page 1, article 1 of society: Message: disconnected: not connected to DevTools
  (failed to check if window was closed: disconnected: not connected to DevTools)
  (Session info: chrome-headless-shell=126.0.6478.127)
Stacktrace:
	GetHandleVerifier [0x008AC1C3+27395]
	(No symbol) [0x00843DC4]
	(No symbol) [0x00741B7F]
	(No symbol) [0x0072C8E8]
	(No symbol) [0x0072C809]
	(No symbol) [0x00743DB0]
	(No symbol) [0x007BC3F6]
	(No symbol) [0x007A3736]
	(No symbol) [0x00777541]
	(No symbol) [0x007780BD]
	GetHandleVerifier [0x00B63A93+2876371]
	GetHandleVerifier [0x00BB7F5D+3221661]
	GetHandleVerifier [0x0092D634+556916]
	GetHandleVerifier [0x0093474C+585868]
	(No symbol) [0x0084CE04]
	(No symbol) [0x00849818]
	(No symbol) [0x008499B7]
	(No symbol) [0x0083BF0E]
	BaseThreadInitThunk [0x75D57BA9+25]
	RtlInitializeExceptionChain [0x77B1C10B+107]
	RtlClearBits [0x77B1C08F+191]

2024-07-14 00:36:20,316 - ERROR - Error occurred during crawling for Vietnam: HTTPConnectionPool(host='localhost', port=60562): Max retries exceeded with url: /session/2320dd31720a2f75be22eaa66b0bafae/url (Caused by NewConnectionError('<urllib3.connection.HTTPConnection object at 0x000001DEEBB45460>: Failed to establish a new connection: [WinError 10061]      '))
2024-07-14 00:41:12,407 - ERROR - WebDriverException occurred: Message: disconnected: Unable to receive message from renderer
  (failed to check if window was closed: disconnected: not connected to DevTools)
  (Session info: chrome-headless-shell=126.0.6478.127)
Stacktrace:
	GetHandleVerifier [0x008AC1C3+27395]
	(No symbol) [0x00843DC4]
	(No symbol) [0x00741B7F]
	(No symbol) [0x0072DB43]
	(No symbol) [0x0072D99E]
	(No symbol) [0x0072CAD2]
	(No symbol) [0x0074C46F]
	(No symbol) [0x007BCDE9]
	(No symbol) [0x007A3736]
	(No symbol) [0x00777541]
	(No symbol) [0x007780BD]
	GetHandleVerifier [0x00B63A93+2876371]
	GetHandleVerifier [0x00BB7F5D+3221661]
	GetHandleVerifier [0x0092D634+556916]
	GetHandleVerifier [0x0093474C+585868]
	(No symbol) [0x0084CE04]
	(No symbol) [0x00849818]
	(No symbol) [0x008499B7]
	(No symbol) [0x0083BF0E]
	BaseThreadInitThunk [0x75D57BA9+25]
	RtlInitializeExceptionChain [0x77B1C10B+107]
	RtlClearBits [0x77B1C08F+191]

2024-07-14 00:41:51,451 - ERROR - Error occurred during crawling for Vietnam: HTTPConnectionPool(host='localhost', port=60802): Max retries exceeded with url: /session/2c1ede7171e5a10c90e0f8b47e11472e/url (Caused by NewConnectionError('<urllib3.connection.HTTPConnection object at 0x000001DEB62754F0>: Failed to establish a new connection: [WinError 10061]      '))
2024-07-14 00:43:03,675 - ERROR - Error processing main article on page 1 of society: Message: 
Stacktrace:
	GetHandleVerifier [0x008AC1C3+27395]
	(No symbol) [0x00843DC4]
	(No symbol) [0x00741B7F]
	(No symbol) [0x00782C65]
	(No symbol) [0x00782D3B]
	(No symbol) [0x007BEC82]
	(No symbol) [0x007A39E4]
	(No symbol) [0x007BCB24]
	(No symbol) [0x007A3736]
	(No symbol) [0x00777541]
	(No symbol) [0x007780BD]
	GetHandleVerifier [0x00B63A93+2876371]
	GetHandleVerifier [0x00BB7F5D+3221661]
	GetHandleVerifier [0x0092D634+556916]
	GetHandleVerifier [0x0093474C+585868]
	(No symbol) [0x0084CE04]
	(No symbol) [0x00849818]
	(No symbol) [0x008499B7]
	(No symbol) [0x0083BF0E]
	BaseThreadInitThunk [0x75D57BA9+25]
	RtlInitializeExceptionChain [0x77B1C10B+107]
	RtlClearBits [0x77B1C08F+191]

2024-07-14 00:43:14,072 - ERROR - Error processing small article on page 1, article 1 of society: Message: 
Stacktrace:
	GetHandleVerifier [0x008AC1C3+27395]
	(No symbol) [0x00843DC4]
	(No symbol) [0x00741B7F]
	(No symbol) [0x00782C65]
	(No symbol) [0x00782D3B]
	(No symbol) [0x007BEC82]
	(No symbol) [0x007A39E4]
	(No symbol) [0x007BCB24]
	(No symbol) [0x007A3736]
	(No symbol) [0x00777541]
	(No symbol) [0x007780BD]
	GetHandleVerifier [0x00B63A93+2876371]
	GetHandleVerifier [0x00BB7F5D+3221661]
	GetHandleVerifier [0x0092D634+556916]
	GetHandleVerifier [0x0093474C+585868]
	(No symbol) [0x0084CE04]
	(No symbol) [0x00849818]
	(No symbol) [0x008499B7]
	(No symbol) [0x0083BF0E]
	BaseThreadInitThunk [0x75D57BA9+25]
	RtlInitializeExceptionChain [0x77B1C10B+107]
	RtlClearBits [0x77B1C08F+191]

2024-07-14 00:43:52,777 - ERROR - Error occurred during crawling for Vietnam: HTTPConnectionPool(host='localhost', port=60964): Max retries exceeded with url: /session/7958731454b9aab387cdcb2ab0dea63a/url (Caused by NewConnectionError('<urllib3.connection.HTTPConnection object at 0x000001DEEBC5AD30>: Failed to establish a new connection: [WinError 10061]      '))
2024-07-14 00:44:05,128 - ERROR - Error processing main article on page 1 of society: Message: 
Stacktrace:
	GetHandleVerifier [0x008AC1C3+27395]
	(No symbol) [0x00843DC4]
	(No symbol) [0x00741B7F]
	(No symbol) [0x00782C65]
	(No symbol) [0x00782D3B]
	(No symbol) [0x007BEC82]
	(No symbol) [0x007A39E4]
	(No symbol) [0x007BCB24]
	(No symbol) [0x007A3736]
	(No symbol) [0x00777541]
	(No symbol) [0x007780BD]
	GetHandleVerifier [0x00B63A93+2876371]
	GetHandleVerifier [0x00BB7F5D+3221661]
	GetHandleVerifier [0x0092D634+556916]
	GetHandleVerifier [0x0093474C+585868]
	(No symbol) [0x0084CE04]
	(No symbol) [0x00849818]
	(No symbol) [0x008499B7]
	(No symbol) [0x0083BF0E]
	BaseThreadInitThunk [0x75D57BA9+25]
	RtlInitializeExceptionChain [0x77B1C10B+107]
	RtlClearBits [0x77B1C08F+191]

2024-07-14 00:44:15,587 - ERROR - Error processing small article on page 1, article 1 of society: Message: 
Stacktrace:
	GetHandleVerifier [0x008AC1C3+27395]
	(No symbol) [0x00843DC4]
	(No symbol) [0x00741B7F]
	(No symbol) [0x00782C65]
	(No symbol) [0x00782D3B]
	(No symbol) [0x007BEC82]
	(No symbol) [0x007A39E4]
	(No symbol) [0x007BCB24]
	(No symbol) [0x007A3736]
	(No symbol) [0x00777541]
	(No symbol) [0x007780BD]
	GetHandleVerifier [0x00B63A93+2876371]
	GetHandleVerifier [0x00BB7F5D+3221661]
	GetHandleVerifier [0x0092D634+556916]
	GetHandleVerifier [0x0093474C+585868]
	(No symbol) [0x0084CE04]
	(No symbol) [0x00849818]
	(No symbol) [0x008499B7]
	(No symbol) [0x0083BF0E]
	BaseThreadInitThunk [0x75D57BA9+25]
	RtlInitializeExceptionChain [0x77B1C10B+107]
	RtlClearBits [0x77B1C08F+191]

2024-07-14 00:44:54,440 - ERROR - Error occurred during crawling for Vietnam: HTTPConnectionPool(host='localhost', port=61075): Max retries exceeded with url: /session/d3b965f98ed77fbe9df3132d6211efd9/url (Caused by NewConnectionError('<urllib3.connection.HTTPConnection object at 0x000001DEEC7D56D0>: Failed to establish a new connection: [WinError 10061]      '))
